[0.015s] Invoking command in '/home/ayush/first_ws/build/my_robot_bringup': CMAKE_PREFIX_PATH=${CMAKE_PREFIX_PATH}:/home/ayush/ayush_ws/install/my_robot_controller:/opt/ros/humble /usr/bin/cmake --build /home/ayush/first_ws/build/my_robot_bringup -- -j8 -l8
[0.066s] -- Found ament_cmake: 1.3.8 (/opt/ros/humble/share/ament_cmake/cmake)
[0.219s] -- Found ament_lint_auto: 0.12.10 (/opt/ros/humble/share/ament_lint_auto/cmake)
[0.287s] -- Added test 'lint_cmake' to check CMake code style
[0.288s] -- Added test 'xmllint' to check XML markup files
[0.290s] -- Configuring done
[0.298s] -- Generating done
[0.299s] -- Build files have been written to: /home/ayush/first_ws/build/my_robot_bringup
[0.316s] Invoked command in '/home/ayush/first_ws/build/my_robot_bringup' returned '0': CMAKE_PREFIX_PATH=${CMAKE_PREFIX_PATH}:/home/ayush/ayush_ws/install/my_robot_controller:/opt/ros/humble /usr/bin/cmake --build /home/ayush/first_ws/build/my_robot_bringup -- -j8 -l8
[0.335s] Invoking command in '/home/ayush/first_ws/build/my_robot_bringup': CMAKE_PREFIX_PATH=${CMAKE_PREFIX_PATH}:/home/ayush/ayush_ws/install/my_robot_controller:/opt/ros/humble /usr/bin/cmake --install /home/ayush/first_ws/build/my_robot_bringup
[0.342s] -- Install configuration: ""
[0.342s] -- Up-to-date: /home/ayush/first_ws/install/my_robot_bringup/share/my_robot_bringup//launch
[0.342s] -- Installing: /home/ayush/first_ws/install/my_robot_bringup/share/my_robot_bringup//launch/my_robot_gazebo.launch.xml
[0.343s] -- Up-to-date: /home/ayush/first_ws/install/my_robot_bringup/share/my_robot_bringup//rviz
[0.343s] -- Up-to-date: /home/ayush/first_ws/install/my_robot_bringup/share/my_robot_bringup//rviz/final.rviz
[0.343s] -- Installing: /home/ayush/first_ws/install/my_robot_bringup/share/my_robot_bringup//worlds
[0.343s] -- Installing: /home/ayush/first_ws/install/my_robot_bringup/share/my_robot_bringup//worlds/world.world
[0.343s] -- Up-to-date: /home/ayush/first_ws/install/my_robot_bringup/share/ament_index/resource_index/package_run_dependencies/my_robot_bringup
[0.343s] -- Installing: /home/ayush/first_ws/install/my_robot_bringup/share/ament_index/resource_index/parent_prefix_path/my_robot_bringup
[0.344s] -- Up-to-date: /home/ayush/first_ws/install/my_robot_bringup/share/my_robot_bringup/environment/ament_prefix_path.sh
[0.344s] -- Installing: /home/ayush/first_ws/install/my_robot_bringup/share/my_robot_bringup/environment/ament_prefix_path.dsv
[0.344s] -- Up-to-date: /home/ayush/first_ws/install/my_robot_bringup/share/my_robot_bringup/environment/path.sh
[0.344s] -- Installing: /home/ayush/first_ws/install/my_robot_bringup/share/my_robot_bringup/environment/path.dsv
[0.344s] -- Up-to-date: /home/ayush/first_ws/install/my_robot_bringup/share/my_robot_bringup/local_setup.bash
[0.344s] -- Up-to-date: /home/ayush/first_ws/install/my_robot_bringup/share/my_robot_bringup/local_setup.sh
[0.344s] -- Up-to-date: /home/ayush/first_ws/install/my_robot_bringup/share/my_robot_bringup/local_setup.zsh
[0.345s] -- Installing: /home/ayush/first_ws/install/my_robot_bringup/share/my_robot_bringup/local_setup.dsv
[0.345s] -- Installing: /home/ayush/first_ws/install/my_robot_bringup/share/my_robot_bringup/package.dsv
[0.345s] -- Up-to-date: /home/ayush/first_ws/install/my_robot_bringup/share/ament_index/resource_index/packages/my_robot_bringup
[0.345s] -- Up-to-date: /home/ayush/first_ws/install/my_robot_bringup/share/my_robot_bringup/cmake/my_robot_bringupConfig.cmake
[0.345s] -- Up-to-date: /home/ayush/first_ws/install/my_robot_bringup/share/my_robot_bringup/cmake/my_robot_bringupConfig-version.cmake
[0.345s] -- Up-to-date: /home/ayush/first_ws/install/my_robot_bringup/share/my_robot_bringup/package.xml
[0.346s] Invoked command in '/home/ayush/first_ws/build/my_robot_bringup' returned '0': CMAKE_PREFIX_PATH=${CMAKE_PREFIX_PATH}:/home/ayush/ayush_ws/install/my_robot_controller:/opt/ros/humble /usr/bin/cmake --install /home/ayush/first_ws/build/my_robot_bringup
