[0.155s] DEBUG:colcon:Command line arguments: ['/usr/bin/colcon', 'list', '-p', '--base-paths', '/home/ayush/first_ws']
[0.155s] DEBUG:colcon:Parsed command line arguments: Namespace(log_base=None, log_level=None, verb_name='list', build_base='build', ignore_user_meta=False, metas=['./colcon.meta'], base_paths=['/home/ayush/first_ws'], packages_ignore=None, packages_ignore_regex=None, paths=None, packages_up_to=None, packages_up_to_regex=None, packages_above=None, packages_above_and_dependencies=None, packages_above_depth=None, packages_select_by_dep=None, packages_skip_by_dep=None, packages_skip_up_to=None, packages_select_build_failed=False, packages_skip_build_finished=False, packages_select_test_failures=False, packages_skip_test_passed=False, packages_select=None, packages_skip=None, packages_select_regex=None, packages_skip_regex=None, packages_start=None, packages_end=None, allow_overriding=[], topological_order=False, names_only=False, paths_only=True, topological_graph=False, topological_graph_dot=False, topological_graph_density=False, topological_graph_legend=False, topological_graph_dot_cluster=False, topological_graph_dot_include_skipped=False, verb_parser=<colcon_defaults.argument_parser.defaults.DefaultArgumentsDecorator object at 0x7b2c994afc40>, verb_extension=<colcon_package_information.verb.list.ListVerb object at 0x7b2c994aeda0>, main=<bound method ListVerb.main of <colcon_package_information.verb.list.ListVerb object at 0x7b2c994aeda0>>)
[0.619s] Level 1:colcon.colcon_core.package_discovery:discover_packages(colcon_meta) check parameters
[0.619s] Level 1:colcon.colcon_core.package_discovery:discover_packages(recursive) check parameters
[0.619s] Level 1:colcon.colcon_core.package_discovery:discover_packages(ignore) check parameters
[0.619s] Level 1:colcon.colcon_core.package_discovery:discover_packages(path) check parameters
[0.619s] Level 1:colcon.colcon_core.package_discovery:discover_packages(recursive) discover
[0.619s] INFO:colcon.colcon_core.package_discovery:Crawling recursively for packages in '/home/ayush/first_ws'
[0.620s] Level 1:colcon.colcon_core.package_identification:_identify(/home/ayush/first_ws) by extensions ['ignore', 'ignore_ament_install']
[0.620s] Level 1:colcon.colcon_core.package_identification:_identify(/home/ayush/first_ws) by extension 'ignore'
[0.620s] Level 1:colcon.colcon_core.package_identification:_identify(/home/ayush/first_ws) by extension 'ignore_ament_install'
[0.620s] Level 1:colcon.colcon_core.package_identification:_identify(/home/ayush/first_ws) by extensions ['colcon_pkg']
[0.620s] Level 1:colcon.colcon_core.package_identification:_identify(/home/ayush/first_ws) by extension 'colcon_pkg'
[0.620s] Level 1:colcon.colcon_core.package_identification:_identify(/home/ayush/first_ws) by extensions ['colcon_meta']
[0.620s] Level 1:colcon.colcon_core.package_identification:_identify(/home/ayush/first_ws) by extension 'colcon_meta'
[0.620s] Level 1:colcon.colcon_core.package_identification:_identify(/home/ayush/first_ws) by extensions ['ros']
[0.620s] Level 1:colcon.colcon_core.package_identification:_identify(/home/ayush/first_ws) by extension 'ros'
[0.637s] Level 1:colcon.colcon_core.package_identification:_identify(/home/ayush/first_ws) by extensions ['cmake', 'python']
[0.637s] Level 1:colcon.colcon_core.package_identification:_identify(/home/ayush/first_ws) by extension 'cmake'
[0.637s] Level 1:colcon.colcon_core.package_identification:_identify(/home/ayush/first_ws) by extension 'python'
[0.637s] Level 1:colcon.colcon_core.package_identification:_identify(/home/ayush/first_ws) by extensions ['python_setup_py']
[0.637s] Level 1:colcon.colcon_core.package_identification:_identify(/home/ayush/first_ws) by extension 'python_setup_py'
[0.638s] Level 1:colcon.colcon_core.package_identification:_identify(/home/ayush/first_ws/build) by extensions ['ignore', 'ignore_ament_install']
[0.638s] Level 1:colcon.colcon_core.package_identification:_identify(/home/ayush/first_ws/build) by extension 'ignore'
[0.638s] Level 1:colcon.colcon_core.package_identification:_identify(/home/ayush/first_ws/build) ignored
[0.638s] Level 1:colcon.colcon_core.package_identification:_identify(/home/ayush/first_ws/install) by extensions ['ignore', 'ignore_ament_install']
[0.638s] Level 1:colcon.colcon_core.package_identification:_identify(/home/ayush/first_ws/install) by extension 'ignore'
[0.638s] Level 1:colcon.colcon_core.package_identification:_identify(/home/ayush/first_ws/install) ignored
[0.639s] Level 1:colcon.colcon_core.package_identification:_identify(/home/ayush/first_ws/log) by extensions ['ignore', 'ignore_ament_install']
[0.639s] Level 1:colcon.colcon_core.package_identification:_identify(/home/ayush/first_ws/log) by extension 'ignore'
[0.639s] Level 1:colcon.colcon_core.package_identification:_identify(/home/ayush/first_ws/log) ignored
[0.639s] Level 1:colcon.colcon_core.package_identification:_identify(/home/ayush/first_ws/src) by extensions ['ignore', 'ignore_ament_install']
[0.639s] Level 1:colcon.colcon_core.package_identification:_identify(/home/ayush/first_ws/src) by extension 'ignore'
[0.639s] Level 1:colcon.colcon_core.package_identification:_identify(/home/ayush/first_ws/src) by extension 'ignore_ament_install'
[0.639s] Level 1:colcon.colcon_core.package_identification:_identify(/home/ayush/first_ws/src) by extensions ['colcon_pkg']
[0.639s] Level 1:colcon.colcon_core.package_identification:_identify(/home/ayush/first_ws/src) by extension 'colcon_pkg'
[0.639s] Level 1:colcon.colcon_core.package_identification:_identify(/home/ayush/first_ws/src) by extensions ['colcon_meta']
[0.639s] Level 1:colcon.colcon_core.package_identification:_identify(/home/ayush/first_ws/src) by extension 'colcon_meta'
[0.639s] Level 1:colcon.colcon_core.package_identification:_identify(/home/ayush/first_ws/src) by extensions ['ros']
[0.639s] Level 1:colcon.colcon_core.package_identification:_identify(/home/ayush/first_ws/src) by extension 'ros'
[0.640s] Level 1:colcon.colcon_core.package_identification:_identify(/home/ayush/first_ws/src) by extensions ['cmake', 'python']
[0.640s] Level 1:colcon.colcon_core.package_identification:_identify(/home/ayush/first_ws/src) by extension 'cmake'
[0.640s] Level 1:colcon.colcon_core.package_identification:_identify(/home/ayush/first_ws/src) by extension 'python'
[0.640s] Level 1:colcon.colcon_core.package_identification:_identify(/home/ayush/first_ws/src) by extensions ['python_setup_py']
[0.640s] Level 1:colcon.colcon_core.package_identification:_identify(/home/ayush/first_ws/src) by extension 'python_setup_py'
[0.640s] Level 1:colcon.colcon_core.package_identification:_identify(/home/ayush/first_ws/src/my_bot_description) by extensions ['ignore', 'ignore_ament_install']
[0.640s] Level 1:colcon.colcon_core.package_identification:_identify(/home/ayush/first_ws/src/my_bot_description) by extension 'ignore'
[0.640s] Level 1:colcon.colcon_core.package_identification:_identify(/home/ayush/first_ws/src/my_bot_description) by extension 'ignore_ament_install'
[0.640s] Level 1:colcon.colcon_core.package_identification:_identify(/home/ayush/first_ws/src/my_bot_description) by extensions ['colcon_pkg']
[0.640s] Level 1:colcon.colcon_core.package_identification:_identify(/home/ayush/first_ws/src/my_bot_description) by extension 'colcon_pkg'
[0.640s] Level 1:colcon.colcon_core.package_identification:_identify(/home/ayush/first_ws/src/my_bot_description) by extensions ['colcon_meta']
[0.640s] Level 1:colcon.colcon_core.package_identification:_identify(/home/ayush/first_ws/src/my_bot_description) by extension 'colcon_meta'
[0.640s] Level 1:colcon.colcon_core.package_identification:_identify(/home/ayush/first_ws/src/my_bot_description) by extensions ['ros']
[0.640s] Level 1:colcon.colcon_core.package_identification:_identify(/home/ayush/first_ws/src/my_bot_description) by extension 'ros'
[0.644s] DEBUG:colcon.colcon_core.package_identification:Package '/home/ayush/first_ws/src/my_bot_description' with type 'ros.ament_cmake' and name 'my_bot_description'
[0.645s] Level 1:colcon.colcon_core.package_identification:_identify(/home/ayush/first_ws/src/my_robot_bringup) by extensions ['ignore', 'ignore_ament_install']
[0.645s] Level 1:colcon.colcon_core.package_identification:_identify(/home/ayush/first_ws/src/my_robot_bringup) by extension 'ignore'
[0.645s] Level 1:colcon.colcon_core.package_identification:_identify(/home/ayush/first_ws/src/my_robot_bringup) by extension 'ignore_ament_install'
[0.645s] Level 1:colcon.colcon_core.package_identification:_identify(/home/ayush/first_ws/src/my_robot_bringup) by extensions ['colcon_pkg']
[0.645s] Level 1:colcon.colcon_core.package_identification:_identify(/home/ayush/first_ws/src/my_robot_bringup) by extension 'colcon_pkg'
[0.646s] Level 1:colcon.colcon_core.package_identification:_identify(/home/ayush/first_ws/src/my_robot_bringup) by extensions ['colcon_meta']
[0.646s] Level 1:colcon.colcon_core.package_identification:_identify(/home/ayush/first_ws/src/my_robot_bringup) by extension 'colcon_meta'
[0.646s] Level 1:colcon.colcon_core.package_identification:_identify(/home/ayush/first_ws/src/my_robot_bringup) by extensions ['ros']
[0.646s] Level 1:colcon.colcon_core.package_identification:_identify(/home/ayush/first_ws/src/my_robot_bringup) by extension 'ros'
[0.647s] DEBUG:colcon.colcon_core.package_identification:Package '/home/ayush/first_ws/src/my_robot_bringup' with type 'ros.ament_cmake' and name 'my_robot_bringup'
[0.647s] Level 1:colcon.colcon_core.package_discovery:discover_packages(recursive) using defaults
