[0.015s] Invoking command in '/home/ayush/first_ws/build/my_bot_description': CMAKE_PREFIX_PATH=${CMAKE_PREFIX_PATH}:/home/ayush/ayush_ws/install/my_robot_controller:/opt/ros/humble /usr/bin/cmake --build /home/ayush/first_ws/build/my_bot_description -- -j8 -l8
[0.113s] Invoked command in '/home/ayush/first_ws/build/my_bot_description' returned '0': CMAKE_PREFIX_PATH=${CMAKE_PREFIX_PATH}:/home/ayush/ayush_ws/install/my_robot_controller:/opt/ros/humble /usr/bin/cmake --build /home/ayush/first_ws/build/my_bot_description -- -j8 -l8
[0.137s] Invoking command in '/home/ayush/first_ws/build/my_bot_description': CMAKE_PREFIX_PATH=${CMAKE_PREFIX_PATH}:/home/ayush/ayush_ws/install/my_robot_controller:/opt/ros/humble /usr/bin/cmake --install /home/ayush/first_ws/build/my_bot_description
[0.144s] -- Install configuration: ""
[0.145s] -- Execute custom install script
[0.146s] -- Up-to-date symlink: /home/ayush/first_ws/install/my_bot_description/share/my_bot_description//urdf/my_bot.urdf.xacro
[0.147s] -- Up-to-date symlink: /home/ayush/first_ws/install/my_bot_description/share/my_bot_description//launch/display_launch.xml
[0.147s] -- Up-to-date symlink: /home/ayush/first_ws/install/my_bot_description/share/my_bot_description//rviz/final.rviz
[0.148s] -- Up-to-date symlink: /home/ayush/first_ws/install/my_bot_description/share/ament_index/resource_index/package_run_dependencies/my_bot_description
[0.148s] -- Up-to-date symlink: /home/ayush/first_ws/install/my_bot_description/share/ament_index/resource_index/parent_prefix_path/my_bot_description
[0.149s] -- Up-to-date symlink: /home/ayush/first_ws/install/my_bot_description/share/my_bot_description/environment/ament_prefix_path.sh
[0.149s] -- Up-to-date symlink: /home/ayush/first_ws/install/my_bot_description/share/my_bot_description/environment/ament_prefix_path.dsv
[0.150s] -- Up-to-date symlink: /home/ayush/first_ws/install/my_bot_description/share/my_bot_description/environment/path.sh
[0.150s] -- Up-to-date symlink: /home/ayush/first_ws/install/my_bot_description/share/my_bot_description/environment/path.dsv
[0.150s] -- Up-to-date symlink: /home/ayush/first_ws/install/my_bot_description/share/my_bot_description/local_setup.bash
[0.151s] -- Up-to-date symlink: /home/ayush/first_ws/install/my_bot_description/share/my_bot_description/local_setup.sh
[0.151s] -- Up-to-date symlink: /home/ayush/first_ws/install/my_bot_description/share/my_bot_description/local_setup.zsh
[0.151s] -- Up-to-date symlink: /home/ayush/first_ws/install/my_bot_description/share/my_bot_description/local_setup.dsv
[0.151s] -- Symlinking: /home/ayush/first_ws/install/my_bot_description/share/my_bot_description/package.dsv
[0.159s] -- Up-to-date symlink: /home/ayush/first_ws/install/my_bot_description/share/ament_index/resource_index/packages/my_bot_description
[0.160s] -- Up-to-date symlink: /home/ayush/first_ws/install/my_bot_description/share/my_bot_description/cmake/my_bot_descriptionConfig.cmake
[0.160s] -- Up-to-date symlink: /home/ayush/first_ws/install/my_bot_description/share/my_bot_description/cmake/my_bot_descriptionConfig-version.cmake
[0.161s] -- Up-to-date symlink: /home/ayush/first_ws/install/my_bot_description/share/my_bot_description/package.xml
[0.162s] Invoked command in '/home/ayush/first_ws/build/my_bot_description' returned '0': CMAKE_PREFIX_PATH=${CMAKE_PREFIX_PATH}:/home/ayush/ayush_ws/install/my_robot_controller:/opt/ros/humble /usr/bin/cmake --install /home/ayush/first_ws/build/my_bot_description
