[0.139s] Invoking command in '/home/ayush/first_ws/build/my_bot_description': CMAKE_PREFIX_PATH=${CMAKE_PREFIX_PATH}:/home/ayush/ayush_ws/install/my_robot_controller:/opt/ros/humble /usr/bin/cmake /home/ayush/first_ws/src/my_bot_description -DCMAKE_INSTALL_PREFIX=/home/ayush/first_ws/install/my_bot_description
[0.270s] -- The C compiler identification is GNU 11.4.0
[0.373s] -- The CXX compiler identification is GNU 11.4.0
[0.386s] -- Detecting C compiler ABI info
[0.459s] -- Detecting C compiler ABI info - done
[0.467s] -- Check for working C compiler: /usr/bin/cc - skipped
[0.467s] -- Detecting C compile features
[0.468s] -- Detecting C compile features - done
[0.472s] -- Detecting CXX compiler ABI info
[0.570s] -- Detecting CXX compiler ABI info - done
[0.580s] -- Check for working CXX compiler: /usr/bin/c++ - skipped
[0.580s] -- Detecting CXX compile features
[0.580s] -- Detecting CXX compile features - done
[0.592s] -- Found ament_cmake: 1.3.6 (/opt/ros/humble/share/ament_cmake/cmake)
[0.798s] -- Found Python3: /usr/bin/python3.10 (found version "3.10.12") found components: Interpreter 
[0.947s] -- Found ament_lint_auto: 0.12.9 (/opt/ros/humble/share/ament_lint_auto/cmake)
[1.058s] -- Added test 'lint_cmake' to check CMake code style
[1.060s] -- Added test 'xmllint' to check XML markup files
[1.063s] -- Configuring done
[1.065s] -- Generating done
[1.065s] -- Build files have been written to: /home/ayush/first_ws/build/my_bot_description
[1.071s] Invoked command in '/home/ayush/first_ws/build/my_bot_description' returned '0': CMAKE_PREFIX_PATH=${CMAKE_PREFIX_PATH}:/home/ayush/ayush_ws/install/my_robot_controller:/opt/ros/humble /usr/bin/cmake /home/ayush/first_ws/src/my_bot_description -DCMAKE_INSTALL_PREFIX=/home/ayush/first_ws/install/my_bot_description
[1.073s] Invoking command in '/home/ayush/first_ws/build/my_bot_description': CMAKE_PREFIX_PATH=${CMAKE_PREFIX_PATH}:/home/ayush/ayush_ws/install/my_robot_controller:/opt/ros/humble /usr/bin/cmake --build /home/ayush/first_ws/build/my_bot_description -- -j8 -l8
[1.111s] Invoked command in '/home/ayush/first_ws/build/my_bot_description' returned '0': CMAKE_PREFIX_PATH=${CMAKE_PREFIX_PATH}:/home/ayush/ayush_ws/install/my_robot_controller:/opt/ros/humble /usr/bin/cmake --build /home/ayush/first_ws/build/my_bot_description -- -j8 -l8
[1.141s] Invoking command in '/home/ayush/first_ws/build/my_bot_description': CMAKE_PREFIX_PATH=${CMAKE_PREFIX_PATH}:/home/ayush/ayush_ws/install/my_robot_controller:/opt/ros/humble /usr/bin/cmake --install /home/ayush/first_ws/build/my_bot_description
[1.150s] -- Install configuration: ""
[1.150s] -- Installing: /home/ayush/first_ws/install/my_bot_description/share/my_bot_description//urdf
[1.150s] -- Installing: /home/ayush/first_ws/install/my_bot_description/share/my_bot_description//urdf/my_bot.urdf
[1.150s] -- Installing: /home/ayush/first_ws/install/my_bot_description/share/ament_index/resource_index/package_run_dependencies/my_bot_description
[1.150s] -- Installing: /home/ayush/first_ws/install/my_bot_description/share/ament_index/resource_index/parent_prefix_path/my_bot_description
[1.151s] -- Installing: /home/ayush/first_ws/install/my_bot_description/share/my_bot_description/environment/ament_prefix_path.sh
[1.151s] -- Installing: /home/ayush/first_ws/install/my_bot_description/share/my_bot_description/environment/ament_prefix_path.dsv
[1.151s] -- Installing: /home/ayush/first_ws/install/my_bot_description/share/my_bot_description/environment/path.sh
[1.151s] -- Installing: /home/ayush/first_ws/install/my_bot_description/share/my_bot_description/environment/path.dsv
[1.151s] -- Installing: /home/ayush/first_ws/install/my_bot_description/share/my_bot_description/local_setup.bash
[1.151s] -- Installing: /home/ayush/first_ws/install/my_bot_description/share/my_bot_description/local_setup.sh
[1.151s] -- Installing: /home/ayush/first_ws/install/my_bot_description/share/my_bot_description/local_setup.zsh
[1.151s] -- Installing: /home/ayush/first_ws/install/my_bot_description/share/my_bot_description/local_setup.dsv
[1.151s] -- Installing: /home/ayush/first_ws/install/my_bot_description/share/my_bot_description/package.dsv
[1.151s] -- Installing: /home/ayush/first_ws/install/my_bot_description/share/ament_index/resource_index/packages/my_bot_description
[1.151s] -- Installing: /home/ayush/first_ws/install/my_bot_description/share/my_bot_description/cmake/my_bot_descriptionConfig.cmake
[1.151s] -- Installing: /home/ayush/first_ws/install/my_bot_description/share/my_bot_description/cmake/my_bot_descriptionConfig-version.cmake
[1.151s] -- Installing: /home/ayush/first_ws/install/my_bot_description/share/my_bot_description/package.xml
[1.153s] Invoked command in '/home/ayush/first_ws/build/my_bot_description' returned '0': CMAKE_PREFIX_PATH=${CMAKE_PREFIX_PATH}:/home/ayush/ayush_ws/install/my_robot_controller:/opt/ros/humble /usr/bin/cmake --install /home/ayush/first_ws/build/my_bot_description
