[0.086s] DEBUG:colcon:Command line arguments: ['/usr/bin/colcon', 'build']
[0.086s] DEBUG:colcon:Parsed command line arguments: Namespace(log_base=None, log_level=None, verb_name='build', build_base='build', install_base='install', merge_install=False, symlink_install=False, test_result_base=None, continue_on_error=False, executor='parallel', parallel_workers=8, event_handlers=None, ignore_user_meta=False, metas=['./colcon.meta'], base_paths=['.'], packages_ignore=None, packages_ignore_regex=None, paths=None, packages_up_to=None, packages_up_to_regex=None, packages_above=None, packages_above_and_dependencies=None, packages_above_depth=None, packages_select_by_dep=None, packages_skip_by_dep=None, packages_skip_up_to=None, packages_select_build_failed=False, packages_skip_build_finished=False, packages_select_test_failures=False, packages_skip_test_passed=False, packages_select=None, packages_skip=None, packages_select_regex=None, packages_skip_regex=None, packages_start=None, packages_end=None, allow_overriding=[], cmake_args=None, cmake_target=None, cmake_target_skip_unavailable=False, cmake_clean_cache=False, cmake_clean_first=False, cmake_force_configure=False, ament_cmake_args=None, catkin_cmake_args=None, catkin_skip_building_tests=False, verb_parser=<colcon_defaults.argument_parser.defaults.DefaultArgumentsDecorator object at 0x715f37122950>, verb_extension=<colcon_core.verb.build.BuildVerb object at 0x715f37122440>, main=<bound method BuildVerb.main of <colcon_core.verb.build.BuildVerb object at 0x715f37122440>>)
[0.255s] Level 1:colcon.colcon_core.package_discovery:discover_packages(colcon_meta) check parameters
[0.256s] Level 1:colcon.colcon_core.package_discovery:discover_packages(recursive) check parameters
[0.256s] Level 1:colcon.colcon_core.package_discovery:discover_packages(ignore) check parameters
[0.256s] Level 1:colcon.colcon_core.package_discovery:discover_packages(path) check parameters
[0.256s] Level 1:colcon.colcon_core.package_discovery:discover_packages(colcon_meta) discover
[0.256s] Level 1:colcon.colcon_core.package_discovery:discover_packages(recursive) discover
[0.256s] INFO:colcon.colcon_core.package_discovery:Crawling recursively for packages in '/home/ayush/first_ws'
[0.256s] Level 1:colcon.colcon_core.package_identification:_identify(.) by extensions ['ignore', 'ignore_ament_install']
[0.256s] Level 1:colcon.colcon_core.package_identification:_identify(.) by extension 'ignore'
[0.256s] Level 1:colcon.colcon_core.package_identification:_identify(.) by extension 'ignore_ament_install'
[0.256s] Level 1:colcon.colcon_core.package_identification:_identify(.) by extensions ['colcon_pkg']
[0.256s] Level 1:colcon.colcon_core.package_identification:_identify(.) by extension 'colcon_pkg'
[0.256s] Level 1:colcon.colcon_core.package_identification:_identify(.) by extensions ['colcon_meta']
[0.256s] Level 1:colcon.colcon_core.package_identification:_identify(.) by extension 'colcon_meta'
[0.256s] Level 1:colcon.colcon_core.package_identification:_identify(.) by extensions ['ros']
[0.256s] Level 1:colcon.colcon_core.package_identification:_identify(.) by extension 'ros'
[0.264s] Level 1:colcon.colcon_core.package_identification:_identify(.) by extensions ['cmake', 'python']
[0.264s] Level 1:colcon.colcon_core.package_identification:_identify(.) by extension 'cmake'
[0.264s] Level 1:colcon.colcon_core.package_identification:_identify(.) by extension 'python'
[0.264s] Level 1:colcon.colcon_core.package_identification:_identify(.) by extensions ['python_setup_py']
[0.264s] Level 1:colcon.colcon_core.package_identification:_identify(.) by extension 'python_setup_py'
[0.265s] Level 1:colcon.colcon_core.package_identification:_identify(build) by extensions ['ignore', 'ignore_ament_install']
[0.265s] Level 1:colcon.colcon_core.package_identification:_identify(build) by extension 'ignore'
[0.265s] Level 1:colcon.colcon_core.package_identification:_identify(build) ignored
[0.265s] Level 1:colcon.colcon_core.package_identification:_identify(install) by extensions ['ignore', 'ignore_ament_install']
[0.265s] Level 1:colcon.colcon_core.package_identification:_identify(install) by extension 'ignore'
[0.265s] Level 1:colcon.colcon_core.package_identification:_identify(install) ignored
[0.265s] Level 1:colcon.colcon_core.package_identification:_identify(log) by extensions ['ignore', 'ignore_ament_install']
[0.265s] Level 1:colcon.colcon_core.package_identification:_identify(log) by extension 'ignore'
[0.265s] Level 1:colcon.colcon_core.package_identification:_identify(log) ignored
[0.265s] Level 1:colcon.colcon_core.package_identification:_identify(src) by extensions ['ignore', 'ignore_ament_install']
[0.265s] Level 1:colcon.colcon_core.package_identification:_identify(src) by extension 'ignore'
[0.265s] Level 1:colcon.colcon_core.package_identification:_identify(src) by extension 'ignore_ament_install'
[0.265s] Level 1:colcon.colcon_core.package_identification:_identify(src) by extensions ['colcon_pkg']
[0.265s] Level 1:colcon.colcon_core.package_identification:_identify(src) by extension 'colcon_pkg'
[0.265s] Level 1:colcon.colcon_core.package_identification:_identify(src) by extensions ['colcon_meta']
[0.265s] Level 1:colcon.colcon_core.package_identification:_identify(src) by extension 'colcon_meta'
[0.265s] Level 1:colcon.colcon_core.package_identification:_identify(src) by extensions ['ros']
[0.265s] Level 1:colcon.colcon_core.package_identification:_identify(src) by extension 'ros'
[0.265s] Level 1:colcon.colcon_core.package_identification:_identify(src) by extensions ['cmake', 'python']
[0.265s] Level 1:colcon.colcon_core.package_identification:_identify(src) by extension 'cmake'
[0.266s] Level 1:colcon.colcon_core.package_identification:_identify(src) by extension 'python'
[0.266s] Level 1:colcon.colcon_core.package_identification:_identify(src) by extensions ['python_setup_py']
[0.266s] Level 1:colcon.colcon_core.package_identification:_identify(src) by extension 'python_setup_py'
[0.266s] Level 1:colcon.colcon_core.package_identification:_identify(src/my_bot_description) by extensions ['ignore', 'ignore_ament_install']
[0.266s] Level 1:colcon.colcon_core.package_identification:_identify(src/my_bot_description) by extension 'ignore'
[0.266s] Level 1:colcon.colcon_core.package_identification:_identify(src/my_bot_description) by extension 'ignore_ament_install'
[0.266s] Level 1:colcon.colcon_core.package_identification:_identify(src/my_bot_description) by extensions ['colcon_pkg']
[0.266s] Level 1:colcon.colcon_core.package_identification:_identify(src/my_bot_description) by extension 'colcon_pkg'
[0.266s] Level 1:colcon.colcon_core.package_identification:_identify(src/my_bot_description) by extensions ['colcon_meta']
[0.266s] Level 1:colcon.colcon_core.package_identification:_identify(src/my_bot_description) by extension 'colcon_meta'
[0.266s] Level 1:colcon.colcon_core.package_identification:_identify(src/my_bot_description) by extensions ['ros']
[0.266s] Level 1:colcon.colcon_core.package_identification:_identify(src/my_bot_description) by extension 'ros'
[0.268s] DEBUG:colcon.colcon_core.package_identification:Package 'src/my_bot_description' with type 'ros.ament_cmake' and name 'my_bot_description'
[0.268s] Level 1:colcon.colcon_core.package_identification:_identify(src/my_robot_bringup) by extensions ['ignore', 'ignore_ament_install']
[0.268s] Level 1:colcon.colcon_core.package_identification:_identify(src/my_robot_bringup) by extension 'ignore'
[0.268s] Level 1:colcon.colcon_core.package_identification:_identify(src/my_robot_bringup) by extension 'ignore_ament_install'
[0.269s] Level 1:colcon.colcon_core.package_identification:_identify(src/my_robot_bringup) by extensions ['colcon_pkg']
[0.269s] Level 1:colcon.colcon_core.package_identification:_identify(src/my_robot_bringup) by extension 'colcon_pkg'
[0.269s] Level 1:colcon.colcon_core.package_identification:_identify(src/my_robot_bringup) by extensions ['colcon_meta']
[0.269s] Level 1:colcon.colcon_core.package_identification:_identify(src/my_robot_bringup) by extension 'colcon_meta'
[0.269s] Level 1:colcon.colcon_core.package_identification:_identify(src/my_robot_bringup) by extensions ['ros']
[0.269s] Level 1:colcon.colcon_core.package_identification:_identify(src/my_robot_bringup) by extension 'ros'
[0.269s] DEBUG:colcon.colcon_core.package_identification:Package 'src/my_robot_bringup' with type 'ros.ament_cmake' and name 'my_robot_bringup'
[0.269s] Level 1:colcon.colcon_core.package_discovery:discover_packages(recursive) using defaults
[0.269s] Level 1:colcon.colcon_core.package_discovery:discover_packages(ignore) discover
[0.269s] Level 1:colcon.colcon_core.package_discovery:discover_packages(ignore) using defaults
[0.269s] Level 1:colcon.colcon_core.package_discovery:discover_packages(path) discover
[0.269s] Level 1:colcon.colcon_core.package_discovery:discover_packages(path) using defaults
[0.291s] Level 1:colcon.colcon_core.package_discovery:discover_packages(prefix_path) check parameters
[0.292s] Level 1:colcon.colcon_core.package_discovery:discover_packages(prefix_path) discover
[0.292s] WARNING:colcon.colcon_core.prefix_path.colcon:The path '/home/ayush/first_ws/src/install' in the environment variable COLCON_PREFIX_PATH doesn't exist
[0.292s] WARNING:colcon.colcon_ros.prefix_path.ament:The path '/home/ayush/first_ws/src/install/my_bot_description' in the environment variable AMENT_PREFIX_PATH doesn't exist
[0.293s] WARNING:colcon.colcon_ros.prefix_path.catkin:The path '/home/ayush/first_ws/src/install/my_bot_description' in the environment variable CMAKE_PREFIX_PATH doesn't exist
[0.294s] DEBUG:colcon.colcon_installed_package_information.package_discovery:Found 1 installed packages in /home/ayush/first_ws/install
[0.294s] DEBUG:colcon.colcon_installed_package_information.package_discovery:Found 3 installed packages in /home/ayush/tut_ws/install
[0.294s] DEBUG:colcon.colcon_installed_package_information.package_discovery:Found 9 installed packages in /home/ayush/ros2_ws/install
[0.295s] DEBUG:colcon.colcon_installed_package_information.package_discovery:Found 11 installed packages in /home/ayush/colcon_ws/install
[0.296s] DEBUG:colcon.colcon_installed_package_information.package_discovery:Found 1 installed packages in /home/ayush/ayush_ws/install
[0.296s] DEBUG:colcon.colcon_installed_package_information.package_discovery:Found 1 installed packages in /home/ayush/custom_ws/install
[0.297s] DEBUG:colcon.colcon_installed_package_information.package_discovery:Found 427 installed packages in /opt/ros/humble
[0.299s] Level 1:colcon.colcon_core.package_discovery:discover_packages(prefix_path) using defaults
[0.344s] Level 5:colcon.colcon_core.verb:set package 'my_bot_description' build argument 'cmake_args' from command line to 'None'
[0.344s] Level 5:colcon.colcon_core.verb:set package 'my_bot_description' build argument 'cmake_target' from command line to 'None'
[0.344s] Level 5:colcon.colcon_core.verb:set package 'my_bot_description' build argument 'cmake_target_skip_unavailable' from command line to 'False'
[0.344s] Level 5:colcon.colcon_core.verb:set package 'my_bot_description' build argument 'cmake_clean_cache' from command line to 'False'
[0.344s] Level 5:colcon.colcon_core.verb:set package 'my_bot_description' build argument 'cmake_clean_first' from command line to 'False'
[0.344s] Level 5:colcon.colcon_core.verb:set package 'my_bot_description' build argument 'cmake_force_configure' from command line to 'False'
[0.344s] Level 5:colcon.colcon_core.verb:set package 'my_bot_description' build argument 'ament_cmake_args' from command line to 'None'
[0.344s] Level 5:colcon.colcon_core.verb:set package 'my_bot_description' build argument 'catkin_cmake_args' from command line to 'None'
[0.344s] Level 5:colcon.colcon_core.verb:set package 'my_bot_description' build argument 'catkin_skip_building_tests' from command line to 'False'
[0.344s] DEBUG:colcon.colcon_core.verb:Building package 'my_bot_description' with the following arguments: {'ament_cmake_args': None, 'build_base': '/home/ayush/first_ws/build/my_bot_description', 'catkin_cmake_args': None, 'catkin_skip_building_tests': False, 'cmake_args': None, 'cmake_clean_cache': False, 'cmake_clean_first': False, 'cmake_force_configure': False, 'cmake_target': None, 'cmake_target_skip_unavailable': False, 'install_base': '/home/ayush/first_ws/install/my_bot_description', 'merge_install': False, 'path': '/home/ayush/first_ws/src/my_bot_description', 'symlink_install': False, 'test_result_base': None}
[0.345s] Level 5:colcon.colcon_core.verb:set package 'my_robot_bringup' build argument 'cmake_args' from command line to 'None'
[0.345s] Level 5:colcon.colcon_core.verb:set package 'my_robot_bringup' build argument 'cmake_target' from command line to 'None'
[0.345s] Level 5:colcon.colcon_core.verb:set package 'my_robot_bringup' build argument 'cmake_target_skip_unavailable' from command line to 'False'
[0.345s] Level 5:colcon.colcon_core.verb:set package 'my_robot_bringup' build argument 'cmake_clean_cache' from command line to 'False'
[0.345s] Level 5:colcon.colcon_core.verb:set package 'my_robot_bringup' build argument 'cmake_clean_first' from command line to 'False'
[0.345s] Level 5:colcon.colcon_core.verb:set package 'my_robot_bringup' build argument 'cmake_force_configure' from command line to 'False'
[0.345s] Level 5:colcon.colcon_core.verb:set package 'my_robot_bringup' build argument 'ament_cmake_args' from command line to 'None'
[0.345s] Level 5:colcon.colcon_core.verb:set package 'my_robot_bringup' build argument 'catkin_cmake_args' from command line to 'None'
[0.345s] Level 5:colcon.colcon_core.verb:set package 'my_robot_bringup' build argument 'catkin_skip_building_tests' from command line to 'False'
[0.345s] DEBUG:colcon.colcon_core.verb:Building package 'my_robot_bringup' with the following arguments: {'ament_cmake_args': None, 'build_base': '/home/ayush/first_ws/build/my_robot_bringup', 'catkin_cmake_args': None, 'catkin_skip_building_tests': False, 'cmake_args': None, 'cmake_clean_cache': False, 'cmake_clean_first': False, 'cmake_force_configure': False, 'cmake_target': None, 'cmake_target_skip_unavailable': False, 'install_base': '/home/ayush/first_ws/install/my_robot_bringup', 'merge_install': False, 'path': '/home/ayush/first_ws/src/my_robot_bringup', 'symlink_install': False, 'test_result_base': None}
[0.345s] INFO:colcon.colcon_core.executor:Executing jobs using 'parallel' executor
[0.346s] DEBUG:colcon.colcon_parallel_executor.executor.parallel:run_until_complete
[0.346s] INFO:colcon.colcon_ros.task.ament_cmake.build:Building ROS package in '/home/ayush/first_ws/src/my_bot_description' with build type 'ament_cmake'
[0.346s] INFO:colcon.colcon_cmake.task.cmake.build:Building CMake package in '/home/ayush/first_ws/src/my_bot_description'
[0.348s] INFO:colcon.colcon_core.plugin_system:Skipping extension 'colcon_core.shell.bat': Not used on non-Windows systems
[0.348s] INFO:colcon.colcon_core.shell:Skip shell extension 'powershell' for command environment: Not usable outside of PowerShell
[0.348s] DEBUG:colcon.colcon_core.shell:Skip shell extension 'dsv' for command environment
[0.354s] INFO:colcon.colcon_ros.task.ament_cmake.build:Building ROS package in '/home/ayush/first_ws/src/my_robot_bringup' with build type 'ament_cmake'
[0.354s] INFO:colcon.colcon_cmake.task.cmake.build:Building CMake package in '/home/ayush/first_ws/src/my_robot_bringup'
[0.354s] INFO:colcon.colcon_core.shell:Skip shell extension 'powershell' for command environment: Not usable outside of PowerShell
[0.354s] DEBUG:colcon.colcon_core.shell:Skip shell extension 'dsv' for command environment
[0.364s] DEBUG:colcon.colcon_core.event_handler.log_command:Invoking command in '/home/ayush/first_ws/build/my_bot_description': CMAKE_PREFIX_PATH=${CMAKE_PREFIX_PATH}:/home/ayush/ayush_ws/install/my_robot_controller:/opt/ros/humble /usr/bin/cmake --build /home/ayush/first_ws/build/my_bot_description -- -j8 -l8
[0.366s] DEBUG:colcon.colcon_core.event_handler.log_command:Invoking command in '/home/ayush/first_ws/build/my_robot_bringup': CMAKE_PREFIX_PATH=${CMAKE_PREFIX_PATH}:/home/ayush/ayush_ws/install/my_robot_controller:/opt/ros/humble /usr/bin/cmake /home/ayush/first_ws/src/my_robot_bringup -DCMAKE_INSTALL_PREFIX=/home/ayush/first_ws/install/my_robot_bringup
[0.400s] DEBUG:colcon.colcon_core.event_handler.log_command:Invoked command in '/home/ayush/first_ws/build/my_bot_description' returned '0': CMAKE_PREFIX_PATH=${CMAKE_PREFIX_PATH}:/home/ayush/ayush_ws/install/my_robot_controller:/opt/ros/humble /usr/bin/cmake --build /home/ayush/first_ws/build/my_bot_description -- -j8 -l8
[0.428s] DEBUG:colcon.colcon_core.event_handler.log_command:Invoking command in '/home/ayush/first_ws/build/my_bot_description': CMAKE_PREFIX_PATH=${CMAKE_PREFIX_PATH}:/home/ayush/ayush_ws/install/my_robot_controller:/opt/ros/humble /usr/bin/cmake --install /home/ayush/first_ws/build/my_bot_description
[0.447s] Level 1:colcon.colcon_core.environment:create_environment_scripts_only(my_bot_description)
[0.448s] DEBUG:colcon.colcon_core.event_handler.log_command:Invoked command in '/home/ayush/first_ws/build/my_bot_description' returned '0': CMAKE_PREFIX_PATH=${CMAKE_PREFIX_PATH}:/home/ayush/ayush_ws/install/my_robot_controller:/opt/ros/humble /usr/bin/cmake --install /home/ayush/first_ws/build/my_bot_description
[0.449s] Level 1:colcon.colcon_core.environment:checking '/home/ayush/first_ws/install/my_bot_description' for CMake module files
[0.450s] Level 1:colcon.colcon_core.environment:checking '/home/ayush/first_ws/install/my_bot_description' for CMake config files
[0.450s] Level 1:colcon.colcon_core.shell:create_environment_hook('my_bot_description', 'cmake_prefix_path')
[0.450s] INFO:colcon.colcon_core.shell:Creating environment hook '/home/ayush/first_ws/install/my_bot_description/share/my_bot_description/hook/cmake_prefix_path.ps1'
[0.451s] INFO:colcon.colcon_core.shell:Creating environment descriptor '/home/ayush/first_ws/install/my_bot_description/share/my_bot_description/hook/cmake_prefix_path.dsv'
[0.451s] INFO:colcon.colcon_core.shell:Creating environment hook '/home/ayush/first_ws/install/my_bot_description/share/my_bot_description/hook/cmake_prefix_path.sh'
[0.452s] Level 1:colcon.colcon_core.environment:checking '/home/ayush/first_ws/install/my_bot_description/bin'
[0.452s] Level 1:colcon.colcon_core.environment:checking '/home/ayush/first_ws/install/my_bot_description/lib/pkgconfig/my_bot_description.pc'
[0.452s] Level 1:colcon.colcon_core.environment:checking '/home/ayush/first_ws/install/my_bot_description/lib/python3.10/site-packages'
[0.453s] Level 1:colcon.colcon_core.environment:checking '/home/ayush/first_ws/install/my_bot_description/bin'
[0.453s] INFO:colcon.colcon_core.shell:Creating package script '/home/ayush/first_ws/install/my_bot_description/share/my_bot_description/package.ps1'
[0.453s] INFO:colcon.colcon_core.shell:Creating package descriptor '/home/ayush/first_ws/install/my_bot_description/share/my_bot_description/package.dsv'
[0.454s] INFO:colcon.colcon_core.shell:Creating package script '/home/ayush/first_ws/install/my_bot_description/share/my_bot_description/package.sh'
[0.454s] INFO:colcon.colcon_core.shell:Creating package script '/home/ayush/first_ws/install/my_bot_description/share/my_bot_description/package.bash'
[0.455s] INFO:colcon.colcon_core.shell:Creating package script '/home/ayush/first_ws/install/my_bot_description/share/my_bot_description/package.zsh'
[0.456s] Level 1:colcon.colcon_core.environment:create_file_with_runtime_dependencies(/home/ayush/first_ws/install/my_bot_description/share/colcon-core/packages/my_bot_description)
[0.476s] Level 1:colcon.colcon_core.environment:create_environment_scripts_only(my_bot_description)
[0.476s] Level 1:colcon.colcon_core.environment:checking '/home/ayush/first_ws/install/my_bot_description' for CMake module files
[0.477s] Level 1:colcon.colcon_core.environment:checking '/home/ayush/first_ws/install/my_bot_description' for CMake config files
[0.477s] Level 1:colcon.colcon_core.shell:create_environment_hook('my_bot_description', 'cmake_prefix_path')
[0.477s] INFO:colcon.colcon_core.shell:Creating environment hook '/home/ayush/first_ws/install/my_bot_description/share/my_bot_description/hook/cmake_prefix_path.ps1'
[0.478s] INFO:colcon.colcon_core.shell:Creating environment descriptor '/home/ayush/first_ws/install/my_bot_description/share/my_bot_description/hook/cmake_prefix_path.dsv'
[0.478s] INFO:colcon.colcon_core.shell:Creating environment hook '/home/ayush/first_ws/install/my_bot_description/share/my_bot_description/hook/cmake_prefix_path.sh'
[0.478s] Level 1:colcon.colcon_core.environment:checking '/home/ayush/first_ws/install/my_bot_description/bin'
[0.478s] Level 1:colcon.colcon_core.environment:checking '/home/ayush/first_ws/install/my_bot_description/lib/pkgconfig/my_bot_description.pc'
[0.479s] Level 1:colcon.colcon_core.environment:checking '/home/ayush/first_ws/install/my_bot_description/lib/python3.10/site-packages'
[0.479s] Level 1:colcon.colcon_core.environment:checking '/home/ayush/first_ws/install/my_bot_description/bin'
[0.479s] INFO:colcon.colcon_core.shell:Creating package script '/home/ayush/first_ws/install/my_bot_description/share/my_bot_description/package.ps1'
[0.479s] INFO:colcon.colcon_core.shell:Creating package descriptor '/home/ayush/first_ws/install/my_bot_description/share/my_bot_description/package.dsv'
[0.480s] INFO:colcon.colcon_core.shell:Creating package script '/home/ayush/first_ws/install/my_bot_description/share/my_bot_description/package.sh'
[0.480s] INFO:colcon.colcon_core.shell:Creating package script '/home/ayush/first_ws/install/my_bot_description/share/my_bot_description/package.bash'
[0.480s] INFO:colcon.colcon_core.shell:Creating package script '/home/ayush/first_ws/install/my_bot_description/share/my_bot_description/package.zsh'
[0.481s] Level 1:colcon.colcon_core.environment:create_file_with_runtime_dependencies(/home/ayush/first_ws/install/my_bot_description/share/colcon-core/packages/my_bot_description)
[0.910s] DEBUG:colcon.colcon_core.event_handler.log_command:Invoked command in '/home/ayush/first_ws/build/my_robot_bringup' returned '0': CMAKE_PREFIX_PATH=${CMAKE_PREFIX_PATH}:/home/ayush/ayush_ws/install/my_robot_controller:/opt/ros/humble /usr/bin/cmake /home/ayush/first_ws/src/my_robot_bringup -DCMAKE_INSTALL_PREFIX=/home/ayush/first_ws/install/my_robot_bringup
[0.912s] DEBUG:colcon.colcon_core.event_handler.log_command:Invoking command in '/home/ayush/first_ws/build/my_robot_bringup': CMAKE_PREFIX_PATH=${CMAKE_PREFIX_PATH}:/home/ayush/ayush_ws/install/my_robot_controller:/opt/ros/humble /usr/bin/cmake --build /home/ayush/first_ws/build/my_robot_bringup -- -j8 -l8
[0.942s] DEBUG:colcon.colcon_core.event_handler.log_command:Invoked command in '/home/ayush/first_ws/build/my_robot_bringup' returned '0': CMAKE_PREFIX_PATH=${CMAKE_PREFIX_PATH}:/home/ayush/ayush_ws/install/my_robot_controller:/opt/ros/humble /usr/bin/cmake --build /home/ayush/first_ws/build/my_robot_bringup -- -j8 -l8
[0.961s] DEBUG:colcon.colcon_core.event_handler.log_command:Invoking command in '/home/ayush/first_ws/build/my_robot_bringup': CMAKE_PREFIX_PATH=${CMAKE_PREFIX_PATH}:/home/ayush/ayush_ws/install/my_robot_controller:/opt/ros/humble /usr/bin/cmake --install /home/ayush/first_ws/build/my_robot_bringup
[0.970s] Level 1:colcon.colcon_core.environment:create_environment_scripts_only(my_robot_bringup)
[0.970s] Level 1:colcon.colcon_core.environment:checking '/home/ayush/first_ws/install/my_robot_bringup' for CMake module files
[0.970s] DEBUG:colcon.colcon_core.event_handler.log_command:Invoked command in '/home/ayush/first_ws/build/my_robot_bringup' returned '0': CMAKE_PREFIX_PATH=${CMAKE_PREFIX_PATH}:/home/ayush/ayush_ws/install/my_robot_controller:/opt/ros/humble /usr/bin/cmake --install /home/ayush/first_ws/build/my_robot_bringup
[0.971s] Level 1:colcon.colcon_core.environment:checking '/home/ayush/first_ws/install/my_robot_bringup' for CMake config files
[0.971s] Level 1:colcon.colcon_core.shell:create_environment_hook('my_robot_bringup', 'cmake_prefix_path')
[0.971s] INFO:colcon.colcon_core.shell:Creating environment hook '/home/ayush/first_ws/install/my_robot_bringup/share/my_robot_bringup/hook/cmake_prefix_path.ps1'
[0.971s] INFO:colcon.colcon_core.shell:Creating environment descriptor '/home/ayush/first_ws/install/my_robot_bringup/share/my_robot_bringup/hook/cmake_prefix_path.dsv'
[0.971s] INFO:colcon.colcon_core.shell:Creating environment hook '/home/ayush/first_ws/install/my_robot_bringup/share/my_robot_bringup/hook/cmake_prefix_path.sh'
[0.972s] Level 1:colcon.colcon_core.environment:checking '/home/ayush/first_ws/install/my_robot_bringup/bin'
[0.972s] Level 1:colcon.colcon_core.environment:checking '/home/ayush/first_ws/install/my_robot_bringup/lib/pkgconfig/my_robot_bringup.pc'
[0.972s] Level 1:colcon.colcon_core.environment:checking '/home/ayush/first_ws/install/my_robot_bringup/lib/python3.10/site-packages'
[0.972s] Level 1:colcon.colcon_core.environment:checking '/home/ayush/first_ws/install/my_robot_bringup/bin'
[0.973s] INFO:colcon.colcon_core.shell:Creating package script '/home/ayush/first_ws/install/my_robot_bringup/share/my_robot_bringup/package.ps1'
[0.973s] INFO:colcon.colcon_core.shell:Creating package descriptor '/home/ayush/first_ws/install/my_robot_bringup/share/my_robot_bringup/package.dsv'
[0.973s] INFO:colcon.colcon_core.shell:Creating package script '/home/ayush/first_ws/install/my_robot_bringup/share/my_robot_bringup/package.sh'
[0.974s] INFO:colcon.colcon_core.shell:Creating package script '/home/ayush/first_ws/install/my_robot_bringup/share/my_robot_bringup/package.bash'
[0.974s] INFO:colcon.colcon_core.shell:Creating package script '/home/ayush/first_ws/install/my_robot_bringup/share/my_robot_bringup/package.zsh'
[0.974s] Level 1:colcon.colcon_core.environment:create_file_with_runtime_dependencies(/home/ayush/first_ws/install/my_robot_bringup/share/colcon-core/packages/my_robot_bringup)
[0.991s] Level 1:colcon.colcon_core.environment:create_environment_scripts_only(my_robot_bringup)
[0.991s] Level 1:colcon.colcon_core.environment:checking '/home/ayush/first_ws/install/my_robot_bringup' for CMake module files
[0.992s] Level 1:colcon.colcon_core.environment:checking '/home/ayush/first_ws/install/my_robot_bringup' for CMake config files
[0.992s] Level 1:colcon.colcon_core.shell:create_environment_hook('my_robot_bringup', 'cmake_prefix_path')
[0.992s] INFO:colcon.colcon_core.shell:Creating environment hook '/home/ayush/first_ws/install/my_robot_bringup/share/my_robot_bringup/hook/cmake_prefix_path.ps1'
[0.992s] INFO:colcon.colcon_core.shell:Creating environment descriptor '/home/ayush/first_ws/install/my_robot_bringup/share/my_robot_bringup/hook/cmake_prefix_path.dsv'
[0.993s] INFO:colcon.colcon_core.shell:Creating environment hook '/home/ayush/first_ws/install/my_robot_bringup/share/my_robot_bringup/hook/cmake_prefix_path.sh'
[0.993s] Level 1:colcon.colcon_core.environment:checking '/home/ayush/first_ws/install/my_robot_bringup/bin'
[0.993s] Level 1:colcon.colcon_core.environment:checking '/home/ayush/first_ws/install/my_robot_bringup/lib/pkgconfig/my_robot_bringup.pc'
[0.993s] Level 1:colcon.colcon_core.environment:checking '/home/ayush/first_ws/install/my_robot_bringup/lib/python3.10/site-packages'
[0.993s] Level 1:colcon.colcon_core.environment:checking '/home/ayush/first_ws/install/my_robot_bringup/bin'
[0.994s] INFO:colcon.colcon_core.shell:Creating package script '/home/ayush/first_ws/install/my_robot_bringup/share/my_robot_bringup/package.ps1'
[0.994s] INFO:colcon.colcon_core.shell:Creating package descriptor '/home/ayush/first_ws/install/my_robot_bringup/share/my_robot_bringup/package.dsv'
[0.994s] INFO:colcon.colcon_core.shell:Creating package script '/home/ayush/first_ws/install/my_robot_bringup/share/my_robot_bringup/package.sh'
[0.994s] INFO:colcon.colcon_core.shell:Creating package script '/home/ayush/first_ws/install/my_robot_bringup/share/my_robot_bringup/package.bash'
[0.995s] INFO:colcon.colcon_core.shell:Creating package script '/home/ayush/first_ws/install/my_robot_bringup/share/my_robot_bringup/package.zsh'
[0.995s] Level 1:colcon.colcon_core.environment:create_file_with_runtime_dependencies(/home/ayush/first_ws/install/my_robot_bringup/share/colcon-core/packages/my_robot_bringup)
[0.995s] DEBUG:colcon.colcon_parallel_executor.executor.parallel:closing loop
[0.996s] DEBUG:colcon.colcon_parallel_executor.executor.parallel:loop closed
[0.996s] DEBUG:colcon.colcon_parallel_executor.executor.parallel:run_until_complete finished with '0'
[0.996s] DEBUG:colcon.colcon_core.event_reactor:joining thread
[1.000s] INFO:colcon.colcon_core.plugin_system:Skipping extension 'colcon_notification.desktop_notification.terminal_notifier': Not used on non-Darwin systems
[1.000s] INFO:colcon.colcon_core.plugin_system:Skipping extension 'colcon_notification.desktop_notification.win32': Not used on non-Windows systems
[1.000s] INFO:colcon.colcon_notification.desktop_notification:Sending desktop notification using 'notify2'
[1.012s] DEBUG:colcon.colcon_core.event_reactor:joined thread
[1.012s] INFO:colcon.colcon_core.shell:Creating prefix script '/home/ayush/first_ws/install/local_setup.ps1'
[1.013s] INFO:colcon.colcon_core.shell:Creating prefix util module '/home/ayush/first_ws/install/_local_setup_util_ps1.py'
[1.014s] INFO:colcon.colcon_core.shell:Creating prefix chain script '/home/ayush/first_ws/install/setup.ps1'
[1.016s] INFO:colcon.colcon_core.shell:Creating prefix script '/home/ayush/first_ws/install/local_setup.sh'
[1.016s] INFO:colcon.colcon_core.shell:Creating prefix util module '/home/ayush/first_ws/install/_local_setup_util_sh.py'
[1.017s] INFO:colcon.colcon_core.shell:Creating prefix chain script '/home/ayush/first_ws/install/setup.sh'
[1.018s] INFO:colcon.colcon_core.shell:Creating prefix script '/home/ayush/first_ws/install/local_setup.bash'
[1.019s] INFO:colcon.colcon_core.shell:Creating prefix chain script '/home/ayush/first_ws/install/setup.bash'
[1.020s] INFO:colcon.colcon_core.shell:Creating prefix script '/home/ayush/first_ws/install/local_setup.zsh'
[1.021s] INFO:colcon.colcon_core.shell:Creating prefix chain script '/home/ayush/first_ws/install/setup.zsh'
