[0.119s] Invoking command in '/home/ayush/first_ws/build/my_bot_description': CMAKE_PREFIX_PATH=${CMAKE_PREFIX_PATH}:/home/ayush/ayush_ws/install/my_robot_controller:/opt/ros/humble /usr/bin/cmake /home/ayush/first_ws/src/my_bot_description -DCMAKE_INSTALL_PREFIX=/home/ayush/first_ws/install/my_bot_description
[0.130s] -- Found ament_cmake: 1.3.6 (/opt/ros/humble/share/ament_cmake/cmake)
[0.246s] -- Override CMake install command with custom implementation using symlinks instead of copying resources
[0.251s] -- Found ament_lint_auto: 0.12.9 (/opt/ros/humble/share/ament_lint_auto/cmake)
[0.309s] -- Added test 'lint_cmake' to check CMake code style
[0.310s] -- Added test 'xmllint' to check XML markup files
[0.311s] -- Configuring done
[0.313s] -- Generating done
[0.313s] -- Build files have been written to: /home/ayush/first_ws/build/my_bot_description
[0.316s] Invoked command in '/home/ayush/first_ws/build/my_bot_description' returned '0': CMAKE_PREFIX_PATH=${CMAKE_PREFIX_PATH}:/home/ayush/ayush_ws/install/my_robot_controller:/opt/ros/humble /usr/bin/cmake /home/ayush/first_ws/src/my_bot_description -DCMAKE_INSTALL_PREFIX=/home/ayush/first_ws/install/my_bot_description
[0.318s] Invoking command in '/home/ayush/first_ws/build/my_bot_description': CMAKE_PREFIX_PATH=${CMAKE_PREFIX_PATH}:/home/ayush/ayush_ws/install/my_robot_controller:/opt/ros/humble /usr/bin/cmake --build /home/ayush/first_ws/build/my_bot_description -- -j8 -l8
[0.349s] Invoked command in '/home/ayush/first_ws/build/my_bot_description' returned '0': CMAKE_PREFIX_PATH=${CMAKE_PREFIX_PATH}:/home/ayush/ayush_ws/install/my_robot_controller:/opt/ros/humble /usr/bin/cmake --build /home/ayush/first_ws/build/my_bot_description -- -j8 -l8
[0.374s] Invoking command in '/home/ayush/first_ws/build/my_bot_description': CMAKE_PREFIX_PATH=${CMAKE_PREFIX_PATH}:/home/ayush/ayush_ws/install/my_robot_controller:/opt/ros/humble /usr/bin/cmake --install /home/ayush/first_ws/build/my_bot_description
[0.380s] -- Install configuration: ""
[0.381s] -- Execute custom install script
[0.381s] -- Up-to-date symlink: /home/ayush/first_ws/install/my_bot_description/share/my_bot_description//urdf/my_bot.urdf.xacro
[0.381s] -- Up-to-date symlink: /home/ayush/first_ws/install/my_bot_description/share/my_bot_description//launch/display_launch.xml
[0.381s] -- Up-to-date symlink: /home/ayush/first_ws/install/my_bot_description/share/my_bot_description//rviz/urdf.rviz
[0.382s] -- Up-to-date symlink: /home/ayush/first_ws/install/my_bot_description/share/my_bot_description//rviz/urdf_config.rviz
[0.382s] -- Up-to-date symlink: /home/ayush/first_ws/install/my_bot_description/share/ament_index/resource_index/package_run_dependencies/my_bot_description
[0.382s] -- Up-to-date symlink: /home/ayush/first_ws/install/my_bot_description/share/ament_index/resource_index/parent_prefix_path/my_bot_description
[0.382s] -- Up-to-date symlink: /home/ayush/first_ws/install/my_bot_description/share/my_bot_description/environment/ament_prefix_path.sh
[0.382s] -- Up-to-date symlink: /home/ayush/first_ws/install/my_bot_description/share/my_bot_description/environment/ament_prefix_path.dsv
[0.382s] -- Up-to-date symlink: /home/ayush/first_ws/install/my_bot_description/share/my_bot_description/environment/path.sh
[0.382s] -- Up-to-date symlink: /home/ayush/first_ws/install/my_bot_description/share/my_bot_description/environment/path.dsv
[0.382s] -- Up-to-date symlink: /home/ayush/first_ws/install/my_bot_description/share/my_bot_description/local_setup.bash
[0.383s] -- Up-to-date symlink: /home/ayush/first_ws/install/my_bot_description/share/my_bot_description/local_setup.sh
[0.383s] -- Up-to-date symlink: /home/ayush/first_ws/install/my_bot_description/share/my_bot_description/local_setup.zsh
[0.383s] -- Up-to-date symlink: /home/ayush/first_ws/install/my_bot_description/share/my_bot_description/local_setup.dsv
[0.383s] -- Symlinking: /home/ayush/first_ws/install/my_bot_description/share/my_bot_description/package.dsv
[0.391s] -- Up-to-date symlink: /home/ayush/first_ws/install/my_bot_description/share/ament_index/resource_index/packages/my_bot_description
[0.391s] -- Up-to-date symlink: /home/ayush/first_ws/install/my_bot_description/share/my_bot_description/cmake/my_bot_descriptionConfig.cmake
[0.391s] -- Up-to-date symlink: /home/ayush/first_ws/install/my_bot_description/share/my_bot_description/cmake/my_bot_descriptionConfig-version.cmake
[0.391s] -- Up-to-date symlink: /home/ayush/first_ws/install/my_bot_description/share/my_bot_description/package.xml
[0.393s] Invoked command in '/home/ayush/first_ws/build/my_bot_description' returned '0': CMAKE_PREFIX_PATH=${CMAKE_PREFIX_PATH}:/home/ayush/ayush_ws/install/my_robot_controller:/opt/ros/humble /usr/bin/cmake --install /home/ayush/first_ws/build/my_bot_description
