[0.097s] DEBUG:colcon:Command line arguments: ['/usr/bin/colcon', 'build']
[0.097s] DEBUG:colcon:Parsed command line arguments: Namespace(log_base=None, log_level=None, verb_name='build', build_base='build', install_base='install', merge_install=False, symlink_install=False, test_result_base=None, continue_on_error=False, executor='parallel', parallel_workers=8, event_handlers=None, ignore_user_meta=False, metas=['./colcon.meta'], base_paths=['.'], packages_ignore=None, packages_ignore_regex=None, paths=None, packages_up_to=None, packages_up_to_regex=None, packages_above=None, packages_above_and_dependencies=None, packages_above_depth=None, packages_select_by_dep=None, packages_skip_by_dep=None, packages_skip_up_to=None, packages_select_build_failed=False, packages_skip_build_finished=False, packages_select_test_failures=False, packages_skip_test_passed=False, packages_select=None, packages_skip=None, packages_select_regex=None, packages_skip_regex=None, packages_start=None, packages_end=None, allow_overriding=[], cmake_args=None, cmake_target=None, cmake_target_skip_unavailable=False, cmake_clean_cache=False, cmake_clean_first=False, cmake_force_configure=False, ament_cmake_args=None, catkin_cmake_args=None, catkin_skip_building_tests=False, verb_parser=<colcon_defaults.argument_parser.defaults.DefaultArgumentsDecorator object at 0x7d50a0c52920>, verb_extension=<colcon_core.verb.build.BuildVerb object at 0x7d50a0c52410>, main=<bound method BuildVerb.main of <colcon_core.verb.build.BuildVerb object at 0x7d50a0c52410>>)
[0.281s] Level 1:colcon.colcon_core.package_discovery:discover_packages(colcon_meta) check parameters
[0.281s] Level 1:colcon.colcon_core.package_discovery:discover_packages(recursive) check parameters
[0.281s] Level 1:colcon.colcon_core.package_discovery:discover_packages(ignore) check parameters
[0.281s] Level 1:colcon.colcon_core.package_discovery:discover_packages(path) check parameters
[0.281s] Level 1:colcon.colcon_core.package_discovery:discover_packages(colcon_meta) discover
[0.281s] Level 1:colcon.colcon_core.package_discovery:discover_packages(recursive) discover
[0.281s] INFO:colcon.colcon_core.package_discovery:Crawling recursively for packages in '/home/ayush/first_ws'
[0.281s] Level 1:colcon.colcon_core.package_identification:_identify(.) by extensions ['ignore', 'ignore_ament_install']
[0.281s] Level 1:colcon.colcon_core.package_identification:_identify(.) by extension 'ignore'
[0.281s] Level 1:colcon.colcon_core.package_identification:_identify(.) by extension 'ignore_ament_install'
[0.281s] Level 1:colcon.colcon_core.package_identification:_identify(.) by extensions ['colcon_pkg']
[0.282s] Level 1:colcon.colcon_core.package_identification:_identify(.) by extension 'colcon_pkg'
[0.282s] Level 1:colcon.colcon_core.package_identification:_identify(.) by extensions ['colcon_meta']
[0.282s] Level 1:colcon.colcon_core.package_identification:_identify(.) by extension 'colcon_meta'
[0.282s] Level 1:colcon.colcon_core.package_identification:_identify(.) by extensions ['ros']
[0.282s] Level 1:colcon.colcon_core.package_identification:_identify(.) by extension 'ros'
[0.291s] Level 1:colcon.colcon_core.package_identification:_identify(.) by extensions ['cmake', 'python']
[0.291s] Level 1:colcon.colcon_core.package_identification:_identify(.) by extension 'cmake'
[0.291s] Level 1:colcon.colcon_core.package_identification:_identify(.) by extension 'python'
[0.291s] Level 1:colcon.colcon_core.package_identification:_identify(.) by extensions ['python_setup_py']
[0.291s] Level 1:colcon.colcon_core.package_identification:_identify(.) by extension 'python_setup_py'
[0.291s] Level 1:colcon.colcon_core.package_identification:_identify(build) by extensions ['ignore', 'ignore_ament_install']
[0.291s] Level 1:colcon.colcon_core.package_identification:_identify(build) by extension 'ignore'
[0.291s] Level 1:colcon.colcon_core.package_identification:_identify(build) ignored
[0.291s] Level 1:colcon.colcon_core.package_identification:_identify(install) by extensions ['ignore', 'ignore_ament_install']
[0.291s] Level 1:colcon.colcon_core.package_identification:_identify(install) by extension 'ignore'
[0.291s] Level 1:colcon.colcon_core.package_identification:_identify(install) ignored
[0.291s] Level 1:colcon.colcon_core.package_identification:_identify(log) by extensions ['ignore', 'ignore_ament_install']
[0.291s] Level 1:colcon.colcon_core.package_identification:_identify(log) by extension 'ignore'
[0.291s] Level 1:colcon.colcon_core.package_identification:_identify(log) ignored
[0.291s] Level 1:colcon.colcon_core.package_identification:_identify(src) by extensions ['ignore', 'ignore_ament_install']
[0.292s] Level 1:colcon.colcon_core.package_identification:_identify(src) by extension 'ignore'
[0.292s] Level 1:colcon.colcon_core.package_identification:_identify(src) by extension 'ignore_ament_install'
[0.292s] Level 1:colcon.colcon_core.package_identification:_identify(src) by extensions ['colcon_pkg']
[0.292s] Level 1:colcon.colcon_core.package_identification:_identify(src) by extension 'colcon_pkg'
[0.292s] Level 1:colcon.colcon_core.package_identification:_identify(src) by extensions ['colcon_meta']
[0.292s] Level 1:colcon.colcon_core.package_identification:_identify(src) by extension 'colcon_meta'
[0.292s] Level 1:colcon.colcon_core.package_identification:_identify(src) by extensions ['ros']
[0.292s] Level 1:colcon.colcon_core.package_identification:_identify(src) by extension 'ros'
[0.292s] Level 1:colcon.colcon_core.package_identification:_identify(src) by extensions ['cmake', 'python']
[0.292s] Level 1:colcon.colcon_core.package_identification:_identify(src) by extension 'cmake'
[0.292s] Level 1:colcon.colcon_core.package_identification:_identify(src) by extension 'python'
[0.292s] Level 1:colcon.colcon_core.package_identification:_identify(src) by extensions ['python_setup_py']
[0.292s] Level 1:colcon.colcon_core.package_identification:_identify(src) by extension 'python_setup_py'
[0.292s] Level 1:colcon.colcon_core.package_identification:_identify(src/my_bot_description) by extensions ['ignore', 'ignore_ament_install']
[0.292s] Level 1:colcon.colcon_core.package_identification:_identify(src/my_bot_description) by extension 'ignore'
[0.292s] Level 1:colcon.colcon_core.package_identification:_identify(src/my_bot_description) by extension 'ignore_ament_install'
[0.292s] Level 1:colcon.colcon_core.package_identification:_identify(src/my_bot_description) by extensions ['colcon_pkg']
[0.292s] Level 1:colcon.colcon_core.package_identification:_identify(src/my_bot_description) by extension 'colcon_pkg'
[0.292s] Level 1:colcon.colcon_core.package_identification:_identify(src/my_bot_description) by extensions ['colcon_meta']
[0.292s] Level 1:colcon.colcon_core.package_identification:_identify(src/my_bot_description) by extension 'colcon_meta'
[0.293s] Level 1:colcon.colcon_core.package_identification:_identify(src/my_bot_description) by extensions ['ros']
[0.293s] Level 1:colcon.colcon_core.package_identification:_identify(src/my_bot_description) by extension 'ros'
[0.295s] DEBUG:colcon.colcon_core.package_identification:Package 'src/my_bot_description' with type 'ros.ament_cmake' and name 'my_bot_description'
[0.295s] Level 1:colcon.colcon_core.package_identification:_identify(src/my_robot_bringup) by extensions ['ignore', 'ignore_ament_install']
[0.295s] Level 1:colcon.colcon_core.package_identification:_identify(src/my_robot_bringup) by extension 'ignore'
[0.295s] Level 1:colcon.colcon_core.package_identification:_identify(src/my_robot_bringup) by extension 'ignore_ament_install'
[0.295s] Level 1:colcon.colcon_core.package_identification:_identify(src/my_robot_bringup) by extensions ['colcon_pkg']
[0.295s] Level 1:colcon.colcon_core.package_identification:_identify(src/my_robot_bringup) by extension 'colcon_pkg'
[0.296s] Level 1:colcon.colcon_core.package_identification:_identify(src/my_robot_bringup) by extensions ['colcon_meta']
[0.296s] Level 1:colcon.colcon_core.package_identification:_identify(src/my_robot_bringup) by extension 'colcon_meta'
[0.296s] Level 1:colcon.colcon_core.package_identification:_identify(src/my_robot_bringup) by extensions ['ros']
[0.296s] Level 1:colcon.colcon_core.package_identification:_identify(src/my_robot_bringup) by extension 'ros'
[0.296s] DEBUG:colcon.colcon_core.package_identification:Package 'src/my_robot_bringup' with type 'ros.ament_cmake' and name 'my_robot_bringup'
[0.296s] Level 1:colcon.colcon_core.package_discovery:discover_packages(recursive) using defaults
[0.296s] Level 1:colcon.colcon_core.package_discovery:discover_packages(ignore) discover
[0.296s] Level 1:colcon.colcon_core.package_discovery:discover_packages(ignore) using defaults
[0.296s] Level 1:colcon.colcon_core.package_discovery:discover_packages(path) discover
[0.296s] Level 1:colcon.colcon_core.package_discovery:discover_packages(path) using defaults
[0.327s] Level 1:colcon.colcon_core.package_discovery:discover_packages(prefix_path) check parameters
[0.327s] Level 1:colcon.colcon_core.package_discovery:discover_packages(prefix_path) discover
[0.329s] DEBUG:colcon.colcon_installed_package_information.package_discovery:Found 2 installed packages in /home/ayush/first_ws/install
[0.329s] DEBUG:colcon.colcon_installed_package_information.package_discovery:Found 3 installed packages in /home/ayush/tut_ws/install
[0.330s] DEBUG:colcon.colcon_installed_package_information.package_discovery:Found 9 installed packages in /home/ayush/ros2_ws/install
[0.330s] DEBUG:colcon.colcon_installed_package_information.package_discovery:Found 11 installed packages in /home/ayush/colcon_ws/install
[0.331s] DEBUG:colcon.colcon_installed_package_information.package_discovery:Found 1 installed packages in /home/ayush/ayush_ws/install
[0.331s] DEBUG:colcon.colcon_installed_package_information.package_discovery:Found 1 installed packages in /home/ayush/custom_ws/install
[0.333s] DEBUG:colcon.colcon_installed_package_information.package_discovery:Found 427 installed packages in /opt/ros/humble
[0.334s] Level 1:colcon.colcon_core.package_discovery:discover_packages(prefix_path) using defaults
[0.382s] Level 5:colcon.colcon_core.verb:set package 'my_bot_description' build argument 'cmake_args' from command line to 'None'
[0.382s] Level 5:colcon.colcon_core.verb:set package 'my_bot_description' build argument 'cmake_target' from command line to 'None'
[0.382s] Level 5:colcon.colcon_core.verb:set package 'my_bot_description' build argument 'cmake_target_skip_unavailable' from command line to 'False'
[0.382s] Level 5:colcon.colcon_core.verb:set package 'my_bot_description' build argument 'cmake_clean_cache' from command line to 'False'
[0.382s] Level 5:colcon.colcon_core.verb:set package 'my_bot_description' build argument 'cmake_clean_first' from command line to 'False'
[0.382s] Level 5:colcon.colcon_core.verb:set package 'my_bot_description' build argument 'cmake_force_configure' from command line to 'False'
[0.382s] Level 5:colcon.colcon_core.verb:set package 'my_bot_description' build argument 'ament_cmake_args' from command line to 'None'
[0.382s] Level 5:colcon.colcon_core.verb:set package 'my_bot_description' build argument 'catkin_cmake_args' from command line to 'None'
[0.382s] Level 5:colcon.colcon_core.verb:set package 'my_bot_description' build argument 'catkin_skip_building_tests' from command line to 'False'
[0.382s] DEBUG:colcon.colcon_core.verb:Building package 'my_bot_description' with the following arguments: {'ament_cmake_args': None, 'build_base': '/home/ayush/first_ws/build/my_bot_description', 'catkin_cmake_args': None, 'catkin_skip_building_tests': False, 'cmake_args': None, 'cmake_clean_cache': False, 'cmake_clean_first': False, 'cmake_force_configure': False, 'cmake_target': None, 'cmake_target_skip_unavailable': False, 'install_base': '/home/ayush/first_ws/install/my_bot_description', 'merge_install': False, 'path': '/home/ayush/first_ws/src/my_bot_description', 'symlink_install': False, 'test_result_base': None}
[0.383s] Level 5:colcon.colcon_core.verb:set package 'my_robot_bringup' build argument 'cmake_args' from command line to 'None'
[0.383s] Level 5:colcon.colcon_core.verb:set package 'my_robot_bringup' build argument 'cmake_target' from command line to 'None'
[0.383s] Level 5:colcon.colcon_core.verb:set package 'my_robot_bringup' build argument 'cmake_target_skip_unavailable' from command line to 'False'
[0.383s] Level 5:colcon.colcon_core.verb:set package 'my_robot_bringup' build argument 'cmake_clean_cache' from command line to 'False'
[0.383s] Level 5:colcon.colcon_core.verb:set package 'my_robot_bringup' build argument 'cmake_clean_first' from command line to 'False'
[0.383s] Level 5:colcon.colcon_core.verb:set package 'my_robot_bringup' build argument 'cmake_force_configure' from command line to 'False'
[0.383s] Level 5:colcon.colcon_core.verb:set package 'my_robot_bringup' build argument 'ament_cmake_args' from command line to 'None'
[0.383s] Level 5:colcon.colcon_core.verb:set package 'my_robot_bringup' build argument 'catkin_cmake_args' from command line to 'None'
[0.383s] Level 5:colcon.colcon_core.verb:set package 'my_robot_bringup' build argument 'catkin_skip_building_tests' from command line to 'False'
[0.383s] DEBUG:colcon.colcon_core.verb:Building package 'my_robot_bringup' with the following arguments: {'ament_cmake_args': None, 'build_base': '/home/ayush/first_ws/build/my_robot_bringup', 'catkin_cmake_args': None, 'catkin_skip_building_tests': False, 'cmake_args': None, 'cmake_clean_cache': False, 'cmake_clean_first': False, 'cmake_force_configure': False, 'cmake_target': None, 'cmake_target_skip_unavailable': False, 'install_base': '/home/ayush/first_ws/install/my_robot_bringup', 'merge_install': False, 'path': '/home/ayush/first_ws/src/my_robot_bringup', 'symlink_install': False, 'test_result_base': None}
[0.383s] INFO:colcon.colcon_core.executor:Executing jobs using 'parallel' executor
[0.384s] DEBUG:colcon.colcon_parallel_executor.executor.parallel:run_until_complete
[0.384s] INFO:colcon.colcon_ros.task.ament_cmake.build:Building ROS package in '/home/ayush/first_ws/src/my_bot_description' with build type 'ament_cmake'
[0.384s] INFO:colcon.colcon_cmake.task.cmake.build:Building CMake package in '/home/ayush/first_ws/src/my_bot_description'
[0.386s] INFO:colcon.colcon_core.plugin_system:Skipping extension 'colcon_core.shell.bat': Not used on non-Windows systems
[0.386s] INFO:colcon.colcon_core.shell:Skip shell extension 'powershell' for command environment: Not usable outside of PowerShell
[0.386s] DEBUG:colcon.colcon_core.shell:Skip shell extension 'dsv' for command environment
[0.393s] INFO:colcon.colcon_ros.task.ament_cmake.build:Building ROS package in '/home/ayush/first_ws/src/my_robot_bringup' with build type 'ament_cmake'
[0.393s] INFO:colcon.colcon_cmake.task.cmake.build:Building CMake package in '/home/ayush/first_ws/src/my_robot_bringup'
[0.393s] INFO:colcon.colcon_core.shell:Skip shell extension 'powershell' for command environment: Not usable outside of PowerShell
[0.393s] DEBUG:colcon.colcon_core.shell:Skip shell extension 'dsv' for command environment
[0.404s] DEBUG:colcon.colcon_core.event_handler.log_command:Invoking command in '/home/ayush/first_ws/build/my_bot_description': CMAKE_PREFIX_PATH=${CMAKE_PREFIX_PATH}:/home/ayush/ayush_ws/install/my_robot_controller:/opt/ros/humble /usr/bin/cmake --build /home/ayush/first_ws/build/my_bot_description -- -j8 -l8
[0.406s] DEBUG:colcon.colcon_core.event_handler.log_command:Invoking command in '/home/ayush/first_ws/build/my_robot_bringup': CMAKE_PREFIX_PATH=${CMAKE_PREFIX_PATH}:/home/ayush/ayush_ws/install/my_robot_controller:/opt/ros/humble /usr/bin/cmake --build /home/ayush/first_ws/build/my_robot_bringup -- -j8 -l8
[0.441s] DEBUG:colcon.colcon_core.event_handler.log_command:Invoked command in '/home/ayush/first_ws/build/my_bot_description' returned '0': CMAKE_PREFIX_PATH=${CMAKE_PREFIX_PATH}:/home/ayush/ayush_ws/install/my_robot_controller:/opt/ros/humble /usr/bin/cmake --build /home/ayush/first_ws/build/my_bot_description -- -j8 -l8
[0.441s] DEBUG:colcon.colcon_core.event_handler.log_command:Invoked command in '/home/ayush/first_ws/build/my_robot_bringup' returned '0': CMAKE_PREFIX_PATH=${CMAKE_PREFIX_PATH}:/home/ayush/ayush_ws/install/my_robot_controller:/opt/ros/humble /usr/bin/cmake --build /home/ayush/first_ws/build/my_robot_bringup -- -j8 -l8
[0.469s] DEBUG:colcon.colcon_core.event_handler.log_command:Invoking command in '/home/ayush/first_ws/build/my_bot_description': CMAKE_PREFIX_PATH=${CMAKE_PREFIX_PATH}:/home/ayush/ayush_ws/install/my_robot_controller:/opt/ros/humble /usr/bin/cmake --install /home/ayush/first_ws/build/my_bot_description
[0.470s] DEBUG:colcon.colcon_core.event_handler.log_command:Invoking command in '/home/ayush/first_ws/build/my_robot_bringup': CMAKE_PREFIX_PATH=${CMAKE_PREFIX_PATH}:/home/ayush/ayush_ws/install/my_robot_controller:/opt/ros/humble /usr/bin/cmake --install /home/ayush/first_ws/build/my_robot_bringup
[0.481s] Level 1:colcon.colcon_core.environment:create_environment_scripts_only(my_robot_bringup)
[0.482s] DEBUG:colcon.colcon_core.event_handler.log_command:Invoked command in '/home/ayush/first_ws/build/my_robot_bringup' returned '0': CMAKE_PREFIX_PATH=${CMAKE_PREFIX_PATH}:/home/ayush/ayush_ws/install/my_robot_controller:/opt/ros/humble /usr/bin/cmake --install /home/ayush/first_ws/build/my_robot_bringup
[0.484s] Level 1:colcon.colcon_core.environment:checking '/home/ayush/first_ws/install/my_robot_bringup' for CMake module files
[0.485s] Level 1:colcon.colcon_core.environment:checking '/home/ayush/first_ws/install/my_robot_bringup' for CMake config files
[0.485s] Level 1:colcon.colcon_core.shell:create_environment_hook('my_robot_bringup', 'cmake_prefix_path')
[0.485s] INFO:colcon.colcon_core.shell:Creating environment hook '/home/ayush/first_ws/install/my_robot_bringup/share/my_robot_bringup/hook/cmake_prefix_path.ps1'
[0.486s] INFO:colcon.colcon_core.shell:Creating environment descriptor '/home/ayush/first_ws/install/my_robot_bringup/share/my_robot_bringup/hook/cmake_prefix_path.dsv'
[0.486s] INFO:colcon.colcon_core.shell:Creating environment hook '/home/ayush/first_ws/install/my_robot_bringup/share/my_robot_bringup/hook/cmake_prefix_path.sh'
[0.487s] Level 1:colcon.colcon_core.environment:checking '/home/ayush/first_ws/install/my_robot_bringup/bin'
[0.487s] Level 1:colcon.colcon_core.environment:checking '/home/ayush/first_ws/install/my_robot_bringup/lib/pkgconfig/my_robot_bringup.pc'
[0.487s] Level 1:colcon.colcon_core.environment:checking '/home/ayush/first_ws/install/my_robot_bringup/lib/python3.10/site-packages'
[0.487s] Level 1:colcon.colcon_core.environment:checking '/home/ayush/first_ws/install/my_robot_bringup/bin'
[0.488s] INFO:colcon.colcon_core.shell:Creating package script '/home/ayush/first_ws/install/my_robot_bringup/share/my_robot_bringup/package.ps1'
[0.488s] INFO:colcon.colcon_core.shell:Creating package descriptor '/home/ayush/first_ws/install/my_robot_bringup/share/my_robot_bringup/package.dsv'
[0.489s] INFO:colcon.colcon_core.shell:Creating package script '/home/ayush/first_ws/install/my_robot_bringup/share/my_robot_bringup/package.sh'
[0.489s] INFO:colcon.colcon_core.shell:Creating package script '/home/ayush/first_ws/install/my_robot_bringup/share/my_robot_bringup/package.bash'
[0.490s] INFO:colcon.colcon_core.shell:Creating package script '/home/ayush/first_ws/install/my_robot_bringup/share/my_robot_bringup/package.zsh'
[0.491s] Level 1:colcon.colcon_core.environment:create_file_with_runtime_dependencies(/home/ayush/first_ws/install/my_robot_bringup/share/colcon-core/packages/my_robot_bringup)
[0.492s] Level 1:colcon.colcon_core.environment:create_environment_scripts_only(my_bot_description)
[0.493s] Level 1:colcon.colcon_core.environment:checking '/home/ayush/first_ws/install/my_bot_description' for CMake module files
[0.493s] DEBUG:colcon.colcon_core.event_handler.log_command:Invoked command in '/home/ayush/first_ws/build/my_bot_description' returned '0': CMAKE_PREFIX_PATH=${CMAKE_PREFIX_PATH}:/home/ayush/ayush_ws/install/my_robot_controller:/opt/ros/humble /usr/bin/cmake --install /home/ayush/first_ws/build/my_bot_description
[0.494s] Level 1:colcon.colcon_core.environment:checking '/home/ayush/first_ws/install/my_bot_description' for CMake config files
[0.494s] Level 1:colcon.colcon_core.shell:create_environment_hook('my_bot_description', 'cmake_prefix_path')
[0.494s] INFO:colcon.colcon_core.shell:Creating environment hook '/home/ayush/first_ws/install/my_bot_description/share/my_bot_description/hook/cmake_prefix_path.ps1'
[0.494s] INFO:colcon.colcon_core.shell:Creating environment descriptor '/home/ayush/first_ws/install/my_bot_description/share/my_bot_description/hook/cmake_prefix_path.dsv'
[0.495s] INFO:colcon.colcon_core.shell:Creating environment hook '/home/ayush/first_ws/install/my_bot_description/share/my_bot_description/hook/cmake_prefix_path.sh'
[0.495s] Level 1:colcon.colcon_core.environment:checking '/home/ayush/first_ws/install/my_bot_description/bin'
[0.496s] Level 1:colcon.colcon_core.environment:checking '/home/ayush/first_ws/install/my_bot_description/lib/pkgconfig/my_bot_description.pc'
[0.496s] Level 1:colcon.colcon_core.environment:checking '/home/ayush/first_ws/install/my_bot_description/lib/python3.10/site-packages'
[0.496s] Level 1:colcon.colcon_core.environment:checking '/home/ayush/first_ws/install/my_bot_description/bin'
[0.497s] INFO:colcon.colcon_core.shell:Creating package script '/home/ayush/first_ws/install/my_bot_description/share/my_bot_description/package.ps1'
[0.497s] INFO:colcon.colcon_core.shell:Creating package descriptor '/home/ayush/first_ws/install/my_bot_description/share/my_bot_description/package.dsv'
[0.497s] INFO:colcon.colcon_core.shell:Creating package script '/home/ayush/first_ws/install/my_bot_description/share/my_bot_description/package.sh'
[0.498s] INFO:colcon.colcon_core.shell:Creating package script '/home/ayush/first_ws/install/my_bot_description/share/my_bot_description/package.bash'
[0.498s] INFO:colcon.colcon_core.shell:Creating package script '/home/ayush/first_ws/install/my_bot_description/share/my_bot_description/package.zsh'
[0.498s] Level 1:colcon.colcon_core.environment:create_file_with_runtime_dependencies(/home/ayush/first_ws/install/my_bot_description/share/colcon-core/packages/my_bot_description)
[0.512s] Level 1:colcon.colcon_core.environment:create_environment_scripts_only(my_robot_bringup)
[0.512s] Level 1:colcon.colcon_core.environment:checking '/home/ayush/first_ws/install/my_robot_bringup' for CMake module files
[0.513s] Level 1:colcon.colcon_core.environment:checking '/home/ayush/first_ws/install/my_robot_bringup' for CMake config files
[0.513s] Level 1:colcon.colcon_core.shell:create_environment_hook('my_robot_bringup', 'cmake_prefix_path')
[0.513s] INFO:colcon.colcon_core.shell:Creating environment hook '/home/ayush/first_ws/install/my_robot_bringup/share/my_robot_bringup/hook/cmake_prefix_path.ps1'
[0.514s] INFO:colcon.colcon_core.shell:Creating environment descriptor '/home/ayush/first_ws/install/my_robot_bringup/share/my_robot_bringup/hook/cmake_prefix_path.dsv'
[0.514s] INFO:colcon.colcon_core.shell:Creating environment hook '/home/ayush/first_ws/install/my_robot_bringup/share/my_robot_bringup/hook/cmake_prefix_path.sh'
[0.514s] Level 1:colcon.colcon_core.environment:checking '/home/ayush/first_ws/install/my_robot_bringup/bin'
[0.514s] Level 1:colcon.colcon_core.environment:checking '/home/ayush/first_ws/install/my_robot_bringup/lib/pkgconfig/my_robot_bringup.pc'
[0.515s] Level 1:colcon.colcon_core.environment:checking '/home/ayush/first_ws/install/my_robot_bringup/lib/python3.10/site-packages'
[0.515s] Level 1:colcon.colcon_core.environment:checking '/home/ayush/first_ws/install/my_robot_bringup/bin'
[0.515s] INFO:colcon.colcon_core.shell:Creating package script '/home/ayush/first_ws/install/my_robot_bringup/share/my_robot_bringup/package.ps1'
[0.516s] INFO:colcon.colcon_core.shell:Creating package descriptor '/home/ayush/first_ws/install/my_robot_bringup/share/my_robot_bringup/package.dsv'
[0.517s] INFO:colcon.colcon_core.shell:Creating package script '/home/ayush/first_ws/install/my_robot_bringup/share/my_robot_bringup/package.sh'
[0.517s] INFO:colcon.colcon_core.shell:Creating package script '/home/ayush/first_ws/install/my_robot_bringup/share/my_robot_bringup/package.bash'
[0.518s] INFO:colcon.colcon_core.shell:Creating package script '/home/ayush/first_ws/install/my_robot_bringup/share/my_robot_bringup/package.zsh'
[0.518s] Level 1:colcon.colcon_core.environment:create_file_with_runtime_dependencies(/home/ayush/first_ws/install/my_robot_bringup/share/colcon-core/packages/my_robot_bringup)
[0.519s] Level 1:colcon.colcon_core.environment:create_environment_scripts_only(my_bot_description)
[0.519s] Level 1:colcon.colcon_core.environment:checking '/home/ayush/first_ws/install/my_bot_description' for CMake module files
[0.520s] Level 1:colcon.colcon_core.environment:checking '/home/ayush/first_ws/install/my_bot_description' for CMake config files
[0.520s] Level 1:colcon.colcon_core.shell:create_environment_hook('my_bot_description', 'cmake_prefix_path')
[0.520s] INFO:colcon.colcon_core.shell:Creating environment hook '/home/ayush/first_ws/install/my_bot_description/share/my_bot_description/hook/cmake_prefix_path.ps1'
[0.521s] INFO:colcon.colcon_core.shell:Creating environment descriptor '/home/ayush/first_ws/install/my_bot_description/share/my_bot_description/hook/cmake_prefix_path.dsv'
[0.521s] INFO:colcon.colcon_core.shell:Creating environment hook '/home/ayush/first_ws/install/my_bot_description/share/my_bot_description/hook/cmake_prefix_path.sh'
[0.521s] Level 1:colcon.colcon_core.environment:checking '/home/ayush/first_ws/install/my_bot_description/bin'
[0.521s] Level 1:colcon.colcon_core.environment:checking '/home/ayush/first_ws/install/my_bot_description/lib/pkgconfig/my_bot_description.pc'
[0.522s] Level 1:colcon.colcon_core.environment:checking '/home/ayush/first_ws/install/my_bot_description/lib/python3.10/site-packages'
[0.522s] Level 1:colcon.colcon_core.environment:checking '/home/ayush/first_ws/install/my_bot_description/bin'
[0.522s] INFO:colcon.colcon_core.shell:Creating package script '/home/ayush/first_ws/install/my_bot_description/share/my_bot_description/package.ps1'
[0.522s] INFO:colcon.colcon_core.shell:Creating package descriptor '/home/ayush/first_ws/install/my_bot_description/share/my_bot_description/package.dsv'
[0.523s] INFO:colcon.colcon_core.shell:Creating package script '/home/ayush/first_ws/install/my_bot_description/share/my_bot_description/package.sh'
[0.523s] INFO:colcon.colcon_core.shell:Creating package script '/home/ayush/first_ws/install/my_bot_description/share/my_bot_description/package.bash'
[0.523s] INFO:colcon.colcon_core.shell:Creating package script '/home/ayush/first_ws/install/my_bot_description/share/my_bot_description/package.zsh'
[0.523s] Level 1:colcon.colcon_core.environment:create_file_with_runtime_dependencies(/home/ayush/first_ws/install/my_bot_description/share/colcon-core/packages/my_bot_description)
[0.524s] DEBUG:colcon.colcon_parallel_executor.executor.parallel:closing loop
[0.524s] DEBUG:colcon.colcon_parallel_executor.executor.parallel:loop closed
[0.524s] DEBUG:colcon.colcon_parallel_executor.executor.parallel:run_until_complete finished with '0'
[0.524s] DEBUG:colcon.colcon_core.event_reactor:joining thread
[0.534s] INFO:colcon.colcon_core.plugin_system:Skipping extension 'colcon_notification.desktop_notification.terminal_notifier': Not used on non-Darwin systems
[0.534s] INFO:colcon.colcon_core.plugin_system:Skipping extension 'colcon_notification.desktop_notification.win32': Not used on non-Windows systems
[0.534s] INFO:colcon.colcon_notification.desktop_notification:Sending desktop notification using 'notify2'
[0.544s] DEBUG:colcon.colcon_core.event_reactor:joined thread
[0.544s] INFO:colcon.colcon_core.shell:Creating prefix script '/home/ayush/first_ws/install/local_setup.ps1'
[0.545s] INFO:colcon.colcon_core.shell:Creating prefix util module '/home/ayush/first_ws/install/_local_setup_util_ps1.py'
[0.546s] INFO:colcon.colcon_core.shell:Creating prefix chain script '/home/ayush/first_ws/install/setup.ps1'
[0.548s] INFO:colcon.colcon_core.shell:Creating prefix script '/home/ayush/first_ws/install/local_setup.sh'
[0.548s] INFO:colcon.colcon_core.shell:Creating prefix util module '/home/ayush/first_ws/install/_local_setup_util_sh.py'
[0.548s] INFO:colcon.colcon_core.shell:Creating prefix chain script '/home/ayush/first_ws/install/setup.sh'
[0.550s] INFO:colcon.colcon_core.shell:Creating prefix script '/home/ayush/first_ws/install/local_setup.bash'
[0.551s] INFO:colcon.colcon_core.shell:Creating prefix chain script '/home/ayush/first_ws/install/setup.bash'
[0.553s] INFO:colcon.colcon_core.shell:Creating prefix script '/home/ayush/first_ws/install/local_setup.zsh'
[0.553s] INFO:colcon.colcon_core.shell:Creating prefix chain script '/home/ayush/first_ws/install/setup.zsh'
