[0.113s] Invoking command in '/home/ayush/first_ws/build/my_bot_description': CMAKE_PREFIX_PATH=${CMAKE_PREFIX_PATH}:/home/ayush/ayush_ws/install/my_robot_controller:/opt/ros/humble /usr/bin/cmake --build /home/ayush/first_ws/build/my_bot_description -- -j8 -l8
[0.132s] -- Found ament_cmake: 1.3.6 (/opt/ros/humble/share/ament_cmake/cmake)
[0.248s] -- Found ament_lint_auto: 0.12.9 (/opt/ros/humble/share/ament_lint_auto/cmake)
[0.303s] -- Added test 'lint_cmake' to check CMake code style
[0.303s] -- Added test 'xmllint' to check XML markup files
[0.304s] -- Configuring done
[0.306s] -- Generating done
[0.306s] -- Build files have been written to: /home/ayush/first_ws/build/my_bot_description
[0.323s] Invoked command in '/home/ayush/first_ws/build/my_bot_description' returned '0': CMAKE_PREFIX_PATH=${CMAKE_PREFIX_PATH}:/home/ayush/ayush_ws/install/my_robot_controller:/opt/ros/humble /usr/bin/cmake --build /home/ayush/first_ws/build/my_bot_description -- -j8 -l8
[0.350s] Invoking command in '/home/ayush/first_ws/build/my_bot_description': CMAKE_PREFIX_PATH=${CMAKE_PREFIX_PATH}:/home/ayush/ayush_ws/install/my_robot_controller:/opt/ros/humble /usr/bin/cmake --install /home/ayush/first_ws/build/my_bot_description
[0.357s] -- Install configuration: ""
[0.357s] -- Up-to-date: /home/ayush/first_ws/install/my_bot_description/share/my_bot_description//urdf
[0.357s] -- Up-to-date: /home/ayush/first_ws/install/my_bot_description/share/my_bot_description//urdf/my_bot.urdf
[0.357s] -- Installing: /home/ayush/first_ws/install/my_bot_description/share/my_bot_description//launch
[0.357s] -- Installing: /home/ayush/first_ws/install/my_bot_description/share/my_bot_description//launch/display_launch.xml
[0.357s] -- Up-to-date: /home/ayush/first_ws/install/my_bot_description/share/ament_index/resource_index/package_run_dependencies/my_bot_description
[0.357s] -- Up-to-date: /home/ayush/first_ws/install/my_bot_description/share/ament_index/resource_index/parent_prefix_path/my_bot_description
[0.357s] -- Up-to-date: /home/ayush/first_ws/install/my_bot_description/share/my_bot_description/environment/ament_prefix_path.sh
[0.357s] -- Installing: /home/ayush/first_ws/install/my_bot_description/share/my_bot_description/environment/ament_prefix_path.dsv
[0.357s] -- Up-to-date: /home/ayush/first_ws/install/my_bot_description/share/my_bot_description/environment/path.sh
[0.357s] -- Installing: /home/ayush/first_ws/install/my_bot_description/share/my_bot_description/environment/path.dsv
[0.357s] -- Up-to-date: /home/ayush/first_ws/install/my_bot_description/share/my_bot_description/local_setup.bash
[0.358s] -- Up-to-date: /home/ayush/first_ws/install/my_bot_description/share/my_bot_description/local_setup.sh
[0.358s] -- Up-to-date: /home/ayush/first_ws/install/my_bot_description/share/my_bot_description/local_setup.zsh
[0.358s] -- Installing: /home/ayush/first_ws/install/my_bot_description/share/my_bot_description/local_setup.dsv
[0.358s] -- Installing: /home/ayush/first_ws/install/my_bot_description/share/my_bot_description/package.dsv
[0.358s] -- Up-to-date: /home/ayush/first_ws/install/my_bot_description/share/ament_index/resource_index/packages/my_bot_description
[0.358s] -- Up-to-date: /home/ayush/first_ws/install/my_bot_description/share/my_bot_description/cmake/my_bot_descriptionConfig.cmake
[0.358s] -- Up-to-date: /home/ayush/first_ws/install/my_bot_description/share/my_bot_description/cmake/my_bot_descriptionConfig-version.cmake
[0.358s] -- Up-to-date: /home/ayush/first_ws/install/my_bot_description/share/my_bot_description/package.xml
[0.359s] Invoked command in '/home/ayush/first_ws/build/my_bot_description' returned '0': CMAKE_PREFIX_PATH=${CMAKE_PREFIX_PATH}:/home/ayush/ayush_ws/install/my_robot_controller:/opt/ros/humble /usr/bin/cmake --install /home/ayush/first_ws/build/my_bot_description
