[0.013s] Invoking command in '/home/ayush/first_ws/build/my_robot_bringup': CMAKE_PREFIX_PATH=${CMAKE_PREFIX_PATH}:/home/ayush/ayush_ws/install/my_robot_controller:/opt/ros/humble /usr/bin/cmake --build /home/ayush/first_ws/build/my_robot_bringup -- -j8 -l8
[0.048s] Invoked command in '/home/ayush/first_ws/build/my_robot_bringup' returned '0': CMAKE_PREFIX_PATH=${CMAKE_PREFIX_PATH}:/home/ayush/ayush_ws/install/my_robot_controller:/opt/ros/humble /usr/bin/cmake --build /home/ayush/first_ws/build/my_robot_bringup -- -j8 -l8
[0.076s] Invoking command in '/home/ayush/first_ws/build/my_robot_bringup': CMAKE_PREFIX_PATH=${CMAKE_PREFIX_PATH}:/home/ayush/ayush_ws/install/my_robot_controller:/opt/ros/humble /usr/bin/cmake --install /home/ayush/first_ws/build/my_robot_bringup
[0.083s] -- Install configuration: ""
[0.083s] -- Up-to-date: /home/ayush/first_ws/install/my_robot_bringup/share/my_robot_bringup//launch
[0.083s] -- Up-to-date: /home/ayush/first_ws/install/my_robot_bringup/share/my_robot_bringup//launch/my_robot_gazebo.launch.xml
[0.083s] -- Up-to-date: /home/ayush/first_ws/install/my_robot_bringup/share/my_robot_bringup//rviz
[0.083s] -- Up-to-date: /home/ayush/first_ws/install/my_robot_bringup/share/my_robot_bringup//rviz/final.rviz
[0.084s] -- Up-to-date: /home/ayush/first_ws/install/my_robot_bringup/share/my_robot_bringup//gazebo
[0.084s] -- Up-to-date: /home/ayush/first_ws/install/my_robot_bringup/share/ament_index/resource_index/package_run_dependencies/my_robot_bringup
[0.084s] -- Up-to-date: /home/ayush/first_ws/install/my_robot_bringup/share/ament_index/resource_index/parent_prefix_path/my_robot_bringup
[0.084s] -- Up-to-date: /home/ayush/first_ws/install/my_robot_bringup/share/my_robot_bringup/environment/ament_prefix_path.sh
[0.084s] -- Up-to-date: /home/ayush/first_ws/install/my_robot_bringup/share/my_robot_bringup/environment/ament_prefix_path.dsv
[0.084s] -- Up-to-date: /home/ayush/first_ws/install/my_robot_bringup/share/my_robot_bringup/environment/path.sh
[0.084s] -- Up-to-date: /home/ayush/first_ws/install/my_robot_bringup/share/my_robot_bringup/environment/path.dsv
[0.084s] -- Up-to-date: /home/ayush/first_ws/install/my_robot_bringup/share/my_robot_bringup/local_setup.bash
[0.084s] -- Up-to-date: /home/ayush/first_ws/install/my_robot_bringup/share/my_robot_bringup/local_setup.sh
[0.084s] -- Up-to-date: /home/ayush/first_ws/install/my_robot_bringup/share/my_robot_bringup/local_setup.zsh
[0.084s] -- Up-to-date: /home/ayush/first_ws/install/my_robot_bringup/share/my_robot_bringup/local_setup.dsv
[0.084s] -- Installing: /home/ayush/first_ws/install/my_robot_bringup/share/my_robot_bringup/package.dsv
[0.085s] -- Up-to-date: /home/ayush/first_ws/install/my_robot_bringup/share/ament_index/resource_index/packages/my_robot_bringup
[0.085s] -- Up-to-date: /home/ayush/first_ws/install/my_robot_bringup/share/my_robot_bringup/cmake/my_robot_bringupConfig.cmake
[0.085s] -- Up-to-date: /home/ayush/first_ws/install/my_robot_bringup/share/my_robot_bringup/cmake/my_robot_bringupConfig-version.cmake
[0.085s] -- Up-to-date: /home/ayush/first_ws/install/my_robot_bringup/share/my_robot_bringup/package.xml
[0.086s] Invoked command in '/home/ayush/first_ws/build/my_robot_bringup' returned '0': CMAKE_PREFIX_PATH=${CMAKE_PREFIX_PATH}:/home/ayush/ayush_ws/install/my_robot_controller:/opt/ros/humble /usr/bin/cmake --install /home/ayush/first_ws/build/my_robot_bringup
