[0.016s] Invoking command in '/home/ayush/first_ws/build/my_robot_bringup': CMAKE_PREFIX_PATH=${CMAKE_PREFIX_PATH}:/home/ayush/ayush_ws/install/my_robot_controller:/opt/ros/humble /usr/bin/cmake --build /home/ayush/first_ws/build/my_robot_bringup -- -j8 -l8
[0.048s] -- Found ament_cmake: 1.3.8 (/opt/ros/humble/share/ament_cmake/cmake)
[0.206s] -- Found ament_lint_auto: 0.12.10 (/opt/ros/humble/share/ament_lint_auto/cmake)
[0.276s] -- Added test 'lint_cmake' to check CMake code style
[0.277s] -- Added test 'xmllint' to check XML markup files
[0.279s] -- Configuring done
[0.288s] -- Generating done
[0.289s] -- Build files have been written to: /home/ayush/first_ws/build/my_robot_bringup
[0.307s] Invoked command in '/home/ayush/first_ws/build/my_robot_bringup' returned '0': CMAKE_PREFIX_PATH=${CMAKE_PREFIX_PATH}:/home/ayush/ayush_ws/install/my_robot_controller:/opt/ros/humble /usr/bin/cmake --build /home/ayush/first_ws/build/my_robot_bringup -- -j8 -l8
[0.327s] Invoking command in '/home/ayush/first_ws/build/my_robot_bringup': CMAKE_PREFIX_PATH=${CMAKE_PREFIX_PATH}:/home/ayush/ayush_ws/install/my_robot_controller:/opt/ros/humble /usr/bin/cmake --install /home/ayush/first_ws/build/my_robot_bringup
[0.333s] -- Install configuration: ""
[0.333s] -- Up-to-date: /home/ayush/first_ws/install/my_robot_bringup/share/my_robot_bringup//launch
[0.333s] -- Up-to-date: /home/ayush/first_ws/install/my_robot_bringup/share/my_robot_bringup//launch/my_robot_gazebo.launch.xml
[0.333s] -- Up-to-date: /home/ayush/first_ws/install/my_robot_bringup/share/my_robot_bringup//rviz
[0.333s] -- Up-to-date: /home/ayush/first_ws/install/my_robot_bringup/share/my_robot_bringup//rviz/final.rviz
[0.333s] -- Up-to-date: /home/ayush/first_ws/install/my_robot_bringup/share/my_robot_bringup//gazebo
[0.333s] -- Installing: /home/ayush/first_ws/install/my_robot_bringup/share/ament_index/resource_index/package_run_dependencies/my_robot_bringup
[0.334s] -- Up-to-date: /home/ayush/first_ws/install/my_robot_bringup/share/ament_index/resource_index/parent_prefix_path/my_robot_bringup
[0.334s] -- Up-to-date: /home/ayush/first_ws/install/my_robot_bringup/share/my_robot_bringup/environment/ament_prefix_path.sh
[0.334s] -- Installing: /home/ayush/first_ws/install/my_robot_bringup/share/my_robot_bringup/environment/ament_prefix_path.dsv
[0.334s] -- Up-to-date: /home/ayush/first_ws/install/my_robot_bringup/share/my_robot_bringup/environment/path.sh
[0.334s] -- Installing: /home/ayush/first_ws/install/my_robot_bringup/share/my_robot_bringup/environment/path.dsv
[0.334s] -- Up-to-date: /home/ayush/first_ws/install/my_robot_bringup/share/my_robot_bringup/local_setup.bash
[0.334s] -- Up-to-date: /home/ayush/first_ws/install/my_robot_bringup/share/my_robot_bringup/local_setup.sh
[0.334s] -- Up-to-date: /home/ayush/first_ws/install/my_robot_bringup/share/my_robot_bringup/local_setup.zsh
[0.334s] -- Installing: /home/ayush/first_ws/install/my_robot_bringup/share/my_robot_bringup/local_setup.dsv
[0.334s] -- Installing: /home/ayush/first_ws/install/my_robot_bringup/share/my_robot_bringup/package.dsv
[0.334s] -- Up-to-date: /home/ayush/first_ws/install/my_robot_bringup/share/ament_index/resource_index/packages/my_robot_bringup
[0.334s] -- Up-to-date: /home/ayush/first_ws/install/my_robot_bringup/share/my_robot_bringup/cmake/my_robot_bringupConfig.cmake
[0.334s] -- Up-to-date: /home/ayush/first_ws/install/my_robot_bringup/share/my_robot_bringup/cmake/my_robot_bringupConfig-version.cmake
[0.335s] -- Installing: /home/ayush/first_ws/install/my_robot_bringup/share/my_robot_bringup/package.xml
[0.336s] Invoked command in '/home/ayush/first_ws/build/my_robot_bringup' returned '0': CMAKE_PREFIX_PATH=${CMAKE_PREFIX_PATH}:/home/ayush/ayush_ws/install/my_robot_controller:/opt/ros/humble /usr/bin/cmake --install /home/ayush/first_ws/build/my_robot_bringup
