[0.111s] Invoking command in '/home/ayush/first_ws/build/my_bot_description': CMAKE_PREFIX_PATH=${CMAKE_PREFIX_PATH}:/home/ayush/ayush_ws/install/my_robot_controller:/opt/ros/humble /usr/bin/cmake --build /home/ayush/first_ws/build/my_bot_description -- -j8 -l8
[0.140s] -- Found ament_cmake: 1.3.6 (/opt/ros/humble/share/ament_cmake/cmake)
[0.294s] -- Found ament_lint_auto: 0.12.9 (/opt/ros/humble/share/ament_lint_auto/cmake)
[0.366s] -- Added test 'lint_cmake' to check CMake code style
[0.367s] -- Added test 'xmllint' to check XML markup files
[0.370s] -- Configuring done
[0.379s] -- Generating done
[0.380s] -- Build files have been written to: /home/ayush/first_ws/build/my_bot_description
[0.396s] Invoked command in '/home/ayush/first_ws/build/my_bot_description' returned '0': CMAKE_PREFIX_PATH=${CMAKE_PREFIX_PATH}:/home/ayush/ayush_ws/install/my_robot_controller:/opt/ros/humble /usr/bin/cmake --build /home/ayush/first_ws/build/my_bot_description -- -j8 -l8
[0.420s] Invoking command in '/home/ayush/first_ws/build/my_bot_description': CMAKE_PREFIX_PATH=${CMAKE_PREFIX_PATH}:/home/ayush/ayush_ws/install/my_robot_controller:/opt/ros/humble /usr/bin/cmake --install /home/ayush/first_ws/build/my_bot_description
[0.427s] -- Install configuration: ""
[0.427s] -- Up-to-date: /home/ayush/first_ws/install/my_bot_description/share/my_bot_description//urdf
[0.427s] -- Up-to-date: /home/ayush/first_ws/install/my_bot_description/share/my_bot_description//urdf/my_bot.urdf
[0.427s] -- Up-to-date: /home/ayush/first_ws/install/my_bot_description/share/my_bot_description//launch
[0.427s] -- Up-to-date: /home/ayush/first_ws/install/my_bot_description/share/my_bot_description//launch/display_launch.xml
[0.427s] -- Installing: /home/ayush/first_ws/install/my_bot_description/share/my_bot_description//rviz
[0.427s] -- Installing: /home/ayush/first_ws/install/my_bot_description/share/my_bot_description//rviz/urdf_config.rviz
[0.427s] -- Installing: /home/ayush/first_ws/install/my_bot_description/share/my_bot_description//rviz/urdf.rviz
[0.427s] -- Up-to-date: /home/ayush/first_ws/install/my_bot_description/share/ament_index/resource_index/package_run_dependencies/my_bot_description
[0.428s] -- Installing: /home/ayush/first_ws/install/my_bot_description/share/ament_index/resource_index/parent_prefix_path/my_bot_description
[0.428s] -- Up-to-date: /home/ayush/first_ws/install/my_bot_description/share/my_bot_description/environment/ament_prefix_path.sh
[0.428s] -- Installing: /home/ayush/first_ws/install/my_bot_description/share/my_bot_description/environment/ament_prefix_path.dsv
[0.428s] -- Up-to-date: /home/ayush/first_ws/install/my_bot_description/share/my_bot_description/environment/path.sh
[0.428s] -- Installing: /home/ayush/first_ws/install/my_bot_description/share/my_bot_description/environment/path.dsv
[0.428s] -- Up-to-date: /home/ayush/first_ws/install/my_bot_description/share/my_bot_description/local_setup.bash
[0.428s] -- Up-to-date: /home/ayush/first_ws/install/my_bot_description/share/my_bot_description/local_setup.sh
[0.428s] -- Up-to-date: /home/ayush/first_ws/install/my_bot_description/share/my_bot_description/local_setup.zsh
[0.428s] -- Installing: /home/ayush/first_ws/install/my_bot_description/share/my_bot_description/local_setup.dsv
[0.428s] -- Installing: /home/ayush/first_ws/install/my_bot_description/share/my_bot_description/package.dsv
[0.428s] -- Up-to-date: /home/ayush/first_ws/install/my_bot_description/share/ament_index/resource_index/packages/my_bot_description
[0.428s] -- Up-to-date: /home/ayush/first_ws/install/my_bot_description/share/my_bot_description/cmake/my_bot_descriptionConfig.cmake
[0.428s] -- Up-to-date: /home/ayush/first_ws/install/my_bot_description/share/my_bot_description/cmake/my_bot_descriptionConfig-version.cmake
[0.428s] -- Up-to-date: /home/ayush/first_ws/install/my_bot_description/share/my_bot_description/package.xml
[0.429s] Invoked command in '/home/ayush/first_ws/build/my_bot_description' returned '0': CMAKE_PREFIX_PATH=${CMAKE_PREFIX_PATH}:/home/ayush/ayush_ws/install/my_robot_controller:/opt/ros/humble /usr/bin/cmake --install /home/ayush/first_ws/build/my_bot_description
