[0.012s] Invoking command in '/home/ayush/first_ws/build/my_robot_bringup': CMAKE_PREFIX_PATH=${CMAKE_PREFIX_PATH}:/home/ayush/ayush_ws/install/my_robot_controller:/opt/ros/humble /usr/bin/cmake /home/ayush/first_ws/src/my_robot_bringup -DCMAKE_INSTALL_PREFIX=/home/ayush/first_ws/install/my_robot_bringup
[0.064s] -- The C compiler identification is GNU 11.4.0
[0.113s] -- The CXX compiler identification is GNU 11.4.0
[0.119s] -- Detecting C compiler ABI info
[0.175s] -- Detecting C compiler ABI info - done
[0.181s] -- Check for working C compiler: /usr/bin/cc - skipped
[0.182s] -- Detecting C compile features
[0.182s] -- Detecting C compile features - done
[0.184s] -- Detecting CXX compiler ABI info
[0.247s] -- Detecting CXX compiler ABI info - done
[0.253s] -- Check for working CXX compiler: /usr/bin/c++ - skipped
[0.253s] -- Detecting CXX compile features
[0.254s] -- Detecting CXX compile features - done
[0.259s] -- Found ament_cmake: 1.3.8 (/opt/ros/humble/share/ament_cmake/cmake)
[0.386s] -- Found Python3: /usr/bin/python3 (found version "3.10.12") found components: Interpreter 
[0.476s] -- Found ament_lint_auto: 0.12.10 (/opt/ros/humble/share/ament_lint_auto/cmake)
[0.547s] -- Added test 'lint_cmake' to check CMake code style
[0.548s] -- Added test 'xmllint' to check XML markup files
[0.550s] -- Configuring done
[0.552s] -- Generating done
[0.552s] -- Build files have been written to: /home/ayush/first_ws/build/my_robot_bringup
[0.556s] Invoked command in '/home/ayush/first_ws/build/my_robot_bringup' returned '0': CMAKE_PREFIX_PATH=${CMAKE_PREFIX_PATH}:/home/ayush/ayush_ws/install/my_robot_controller:/opt/ros/humble /usr/bin/cmake /home/ayush/first_ws/src/my_robot_bringup -DCMAKE_INSTALL_PREFIX=/home/ayush/first_ws/install/my_robot_bringup
[0.558s] Invoking command in '/home/ayush/first_ws/build/my_robot_bringup': CMAKE_PREFIX_PATH=${CMAKE_PREFIX_PATH}:/home/ayush/ayush_ws/install/my_robot_controller:/opt/ros/humble /usr/bin/cmake --build /home/ayush/first_ws/build/my_robot_bringup -- -j8 -l8
[0.588s] Invoked command in '/home/ayush/first_ws/build/my_robot_bringup' returned '0': CMAKE_PREFIX_PATH=${CMAKE_PREFIX_PATH}:/home/ayush/ayush_ws/install/my_robot_controller:/opt/ros/humble /usr/bin/cmake --build /home/ayush/first_ws/build/my_robot_bringup -- -j8 -l8
[0.606s] Invoking command in '/home/ayush/first_ws/build/my_robot_bringup': CMAKE_PREFIX_PATH=${CMAKE_PREFIX_PATH}:/home/ayush/ayush_ws/install/my_robot_controller:/opt/ros/humble /usr/bin/cmake --install /home/ayush/first_ws/build/my_robot_bringup
[0.612s] -- Install configuration: ""
[0.612s] -- Installing: /home/ayush/first_ws/install/my_robot_bringup/share/my_robot_bringup//launch
[0.613s] -- Installing: /home/ayush/first_ws/install/my_robot_bringup/share/my_robot_bringup//launch/my_robot_gazebo.launch.xml
[0.613s] -- Installing: /home/ayush/first_ws/install/my_robot_bringup/share/my_robot_bringup//rviz
[0.613s] -- Installing: /home/ayush/first_ws/install/my_robot_bringup/share/my_robot_bringup//rviz/final.rviz
[0.613s] -- Installing: /home/ayush/first_ws/install/my_robot_bringup/share/my_robot_bringup//gazebo
[0.613s] -- Installing: /home/ayush/first_ws/install/my_robot_bringup/share/ament_index/resource_index/package_run_dependencies/my_robot_bringup
[0.613s] -- Installing: /home/ayush/first_ws/install/my_robot_bringup/share/ament_index/resource_index/parent_prefix_path/my_robot_bringup
[0.613s] -- Installing: /home/ayush/first_ws/install/my_robot_bringup/share/my_robot_bringup/environment/ament_prefix_path.sh
[0.613s] -- Installing: /home/ayush/first_ws/install/my_robot_bringup/share/my_robot_bringup/environment/ament_prefix_path.dsv
[0.613s] -- Installing: /home/ayush/first_ws/install/my_robot_bringup/share/my_robot_bringup/environment/path.sh
[0.613s] -- Installing: /home/ayush/first_ws/install/my_robot_bringup/share/my_robot_bringup/environment/path.dsv
[0.613s] -- Installing: /home/ayush/first_ws/install/my_robot_bringup/share/my_robot_bringup/local_setup.bash
[0.613s] -- Installing: /home/ayush/first_ws/install/my_robot_bringup/share/my_robot_bringup/local_setup.sh
[0.614s] -- Installing: /home/ayush/first_ws/install/my_robot_bringup/share/my_robot_bringup/local_setup.zsh
[0.614s] -- Installing: /home/ayush/first_ws/install/my_robot_bringup/share/my_robot_bringup/local_setup.dsv
[0.614s] -- Installing: /home/ayush/first_ws/install/my_robot_bringup/share/my_robot_bringup/package.dsv
[0.614s] -- Installing: /home/ayush/first_ws/install/my_robot_bringup/share/ament_index/resource_index/packages/my_robot_bringup
[0.614s] -- Installing: /home/ayush/first_ws/install/my_robot_bringup/share/my_robot_bringup/cmake/my_robot_bringupConfig.cmake
[0.614s] -- Installing: /home/ayush/first_ws/install/my_robot_bringup/share/my_robot_bringup/cmake/my_robot_bringupConfig-version.cmake
[0.614s] -- Installing: /home/ayush/first_ws/install/my_robot_bringup/share/my_robot_bringup/package.xml
[0.616s] Invoked command in '/home/ayush/first_ws/build/my_robot_bringup' returned '0': CMAKE_PREFIX_PATH=${CMAKE_PREFIX_PATH}:/home/ayush/ayush_ws/install/my_robot_controller:/opt/ros/humble /usr/bin/cmake --install /home/ayush/first_ws/build/my_robot_bringup
