[0.122s] Invoking command in '/home/ayush/first_ws/build/my_bot_description': CMAKE_PREFIX_PATH=${CMAKE_PREFIX_PATH}:/home/ayush/ayush_ws/install/my_robot_controller:/opt/ros/humble /usr/bin/cmake --build /home/ayush/first_ws/build/my_bot_description -- -j8 -l8
[0.218s] Invoked command in '/home/ayush/first_ws/build/my_bot_description' returned '0': CMAKE_PREFIX_PATH=${CMAKE_PREFIX_PATH}:/home/ayush/ayush_ws/install/my_robot_controller:/opt/ros/humble /usr/bin/cmake --build /home/ayush/first_ws/build/my_bot_description -- -j8 -l8
[0.244s] Invoking command in '/home/ayush/first_ws/build/my_bot_description': CMAKE_PREFIX_PATH=${CMAKE_PREFIX_PATH}:/home/ayush/ayush_ws/install/my_robot_controller:/opt/ros/humble /usr/bin/cmake --install /home/ayush/first_ws/build/my_bot_description
[0.251s] -- Install configuration: ""
[0.251s] -- Up-to-date: /home/ayush/first_ws/install/my_bot_description/share/my_bot_description//urdf
[0.251s] -- Up-to-date: /home/ayush/first_ws/install/my_bot_description/share/my_bot_description//urdf/my_bot.urdf
[0.251s] -- Up-to-date: /home/ayush/first_ws/install/my_bot_description/share/my_bot_description//launch
[0.251s] -- Up-to-date: /home/ayush/first_ws/install/my_bot_description/share/my_bot_description//launch/display_launch.xml
[0.251s] -- Up-to-date: /home/ayush/first_ws/install/my_bot_description/share/ament_index/resource_index/package_run_dependencies/my_bot_description
[0.252s] -- Up-to-date: /home/ayush/first_ws/install/my_bot_description/share/ament_index/resource_index/parent_prefix_path/my_bot_description
[0.252s] -- Up-to-date: /home/ayush/first_ws/install/my_bot_description/share/my_bot_description/environment/ament_prefix_path.sh
[0.252s] -- Up-to-date: /home/ayush/first_ws/install/my_bot_description/share/my_bot_description/environment/ament_prefix_path.dsv
[0.252s] -- Up-to-date: /home/ayush/first_ws/install/my_bot_description/share/my_bot_description/environment/path.sh
[0.252s] -- Up-to-date: /home/ayush/first_ws/install/my_bot_description/share/my_bot_description/environment/path.dsv
[0.252s] -- Up-to-date: /home/ayush/first_ws/install/my_bot_description/share/my_bot_description/local_setup.bash
[0.252s] -- Up-to-date: /home/ayush/first_ws/install/my_bot_description/share/my_bot_description/local_setup.sh
[0.252s] -- Up-to-date: /home/ayush/first_ws/install/my_bot_description/share/my_bot_description/local_setup.zsh
[0.252s] -- Up-to-date: /home/ayush/first_ws/install/my_bot_description/share/my_bot_description/local_setup.dsv
[0.252s] -- Installing: /home/ayush/first_ws/install/my_bot_description/share/my_bot_description/package.dsv
[0.252s] -- Up-to-date: /home/ayush/first_ws/install/my_bot_description/share/ament_index/resource_index/packages/my_bot_description
[0.252s] -- Up-to-date: /home/ayush/first_ws/install/my_bot_description/share/my_bot_description/cmake/my_bot_descriptionConfig.cmake
[0.252s] -- Up-to-date: /home/ayush/first_ws/install/my_bot_description/share/my_bot_description/cmake/my_bot_descriptionConfig-version.cmake
[0.252s] -- Up-to-date: /home/ayush/first_ws/install/my_bot_description/share/my_bot_description/package.xml
[0.254s] Invoked command in '/home/ayush/first_ws/build/my_bot_description' returned '0': CMAKE_PREFIX_PATH=${CMAKE_PREFIX_PATH}:/home/ayush/ayush_ws/install/my_robot_controller:/opt/ros/humble /usr/bin/cmake --install /home/ayush/first_ws/build/my_bot_description
